<?xml version="1.0" encoding="UTF-8"?>
<!-- Generated by org.testng.reporters.JUnitXMLReporter -->
<testsuite ignored="0" hostname="NahirJamal" failures="0" tests="84" name="Test" time="1364.653" errors="0" timestamp="2022-05-24T13:27:06 EET">
  <testcase classname="Pages.Login" name="Login_All_fields_empty" time="0.2"/>
  <testcase classname="Pages.Login" name="Login_Correct_username_AndWrong_password" time="2.492"/>
  <testcase classname="Pages.Login" name="Login_Valid_Data" time="2.624"/>
  <testcase classname="Pages.Login" name="Login_Wrong_username_Correct_password" time="1.109"/>
  <testcase classname="Pages.SignUP" name="BackButton" time="0.381"/>
  <testcase classname="Pages.SignUP" name="SignUP_All_fields_empty" time="0.905"/>
  <testcase classname="Pages.SignUP" name="SignUP_Check_System_TerminateSpacesFrom_Mail" time="4.625"/>
  <testcase classname="Pages.SignUP" name="SignUP_CorrectData_Butinsert_NumbersandSymbols_in_name" time="1.412"/>
  <testcase classname="Pages.SignUP" name="SignUP_CorrectData_Butinsert_Wrong_Format_in_Mail" time="1.975"/>
  <testcase classname="Pages.SignUP" name="SignUP_CorrectData_Butinsert_Wrong_Format_in_URL" time="3.024"/>
  <testcase classname="Pages.SignUP" name="SignUP_CorrectData_Butinsert_differentValuesin_password_and_confirmpassword" time="2.026"/>
  <testcase classname="Pages.SignUP" name="SignUP_CorrectData_Butinsert_email_exist_before_in_Mail" time="4.496"/>
  <testcase classname="Pages.SignUP" name="SignUP_CorrectData_Butinsert_lettersandsymbols_in_phone" time="1.977"/>
  <testcase classname="Pages.SignUP" name="SignUP_CorrectData_Butinsert_numberWhichExistBefore_in_phone" time="2.933"/>
  <testcase classname="Pages.SignUP" name="SignUP_CorrectData_Butinsert_spaces_only_in_name" time="4.767"/>
  <testcase classname="Pages.SignUP" name="SignUP_CorrectData_Butinsert_value_Greater_than_maximum_limitation_in_password" time="1.721"/>
  <testcase classname="Pages.SignUP" name="SignUP_CorrectData_Butinsert_value_Greater_than_maximum_limitation_in_phone" time="2.206"/>
  <testcase classname="Pages.SignUP" name="SignUP_CorrectData_Butinsert_value_less_than_minimum_limitation_in_password" time="1.626"/>
  <testcase classname="Pages.SignUP" name="SignUP_CorrectData_Butinsert_value_less_than_minimum_limitation_in_phone" time="2.907"/>
  <testcase classname="Pages.SignUP" name="SignUP_ValidData" time="5.319"/>
  <testcase classname="Pages.SignUP" name="SignUP_ValidData_WithInsert_any_data_In_Description" time="1.947"/>
  <testcase classname="Pages.Exportand_Import_Excel" name="Click_UploadFile_Without_chooseFile" time="1.994"/>
  <testcase classname="Pages.Exportand_Import_Excel" name="ExportExcel_And_BulkUpdate" time="5.862"/>
  <testcase classname="Pages.Exportand_Import_Excel" name="Upload_wrong_file_type" time="2.204"/>
  <testcase classname="Pages.Invoices" name="Download_Invoice" time="0.477"/>
  <testcase classname="Pages.Invoices" name="Invoice_Details" time="1.873"/>
  <testcase classname="Pages.Invoices" name="Pay_InvoiceWith_correctData_AndChoose_CreditCard" time="7.97"/>
  <testcase classname="Pages.Invoices" name="Pay_InvoiceWith_correctData_Buinsert_LettersAndSymbols_InField_Phone" time="3.809"/>
  <testcase classname="Pages.Invoices" name="Pay_InvoiceWith_correctData_Buinsert_SpacesInField_LastName" time="3.904"/>
  <testcase classname="Pages.Invoices" name="Pay_InvoiceWith_correctData_Buinsert_SymbolsAndNumbersInField_FirstName" time="2.101"/>
  <testcase classname="Pages.Invoices" name="Pay_InvoiceWith_correctData_Buinsert_SymbolsAndNumbersInField_LastName" time="2.16"/>
  <testcase classname="Pages.Invoices" name="Pay_InvoiceWith_correctData_Buinsert_WrongFormat_inFieldEmail" time="1.746"/>
  <testcase classname="Pages.Invoices" name="Pay_InvoiceWith_correctData_Buinsert_Wronglimitation_InField_Phone" time="3.103"/>
  <testcase classname="Pages.Invoices" name="Pay_InvoiceWith_correctData_Buinsert_spacesInField_FirstName" time="4.166"/>
  <testcase classname="Pages.Cookies" name="Cookies_Auditechnology" time="11.793"/>
  <testcase classname="Pages.Cookies" name="Cookies_Carina" time="10.518"/>
  <testcase classname="Pages.Cookies" name="Cookies_Entertainer" time="14.169"/>
  <testcase classname="Pages.Cookies" name="Cookies_alsharifbeaute" time="13.39"/>
  <testcase classname="Pages.Cookies" name="Cookies_cdejewelry" time="31.302"/>
  <testcase classname="Pages.Cookies" name="Cookies_footcourt" time="12.397"/>
  <testcase classname="Pages.Cookies" name="Cookies_magmasport" time="18.887"/>
  <testcase classname="Pages.Cookies" name="Cookies_melouk" time="10.806"/>
  <testcase classname="Pages.Cookies" name="Cookies_msou" time="14.339"/>
  <testcase classname="Pages.Cookies" name="Cookies_olife" time="15.204"/>
  <testcase classname="Pages.EditOrder_In_TFK" name="CheckThat_OrderID_Disabled" time="0.03"/>
  <testcase classname="Pages.EditOrder_In_TFK" name="ValidData_WithInsert_NegativeNumber_In_OrderCommission" time="0.679"/>
  <testcase classname="Pages.EditOrder_In_TFK" name="ValidData_WithInsert_NegativeNumber_In_OrderDiscount" time="1.071"/>
  <testcase classname="Pages.EditOrder_In_TFK" name="ValidData_WithInsert_NegativeNumber_In_OrderNet" time="0.772"/>
  <testcase classname="Pages.EditOrder_In_TFK" name="ValidData_WithInsert_NegativeNumber_In_OrderShipping" time="0.759"/>
  <testcase classname="Pages.EditOrder_In_TFK" name="ValidData_WithInsert_NegativeNumber_In_OrderTax" time="0.746"/>
  <testcase classname="Pages.EditOrder_In_TFK" name="ValidData_WithInsert_NegativeNumber_In_OrderTotal" time="0.739"/>
  <testcase classname="Pages.EditOrder_In_TFK" name="ValidData_WithInsert_OrderCommission_GreaterThan_OrderNet" time="10.702"/>
  <testcase classname="Pages.EditOrder_In_TFK" name="ValidData_WithInsert_OrderCommission_GreaterThan_OrderTotal" time="10.793"/>
  <testcase classname="Pages.EditOrder_In_TFK" name="ValidData_WithInsert_OrderDiscount_GreaterThan_OrderNet" time="10.41"/>
  <testcase classname="Pages.EditOrder_In_TFK" name="ValidData_WithInsert_OrderDiscount_GreaterThan_OrderTotal" time="10.737"/>
  <testcase classname="Pages.EditOrder_In_TFK" name="ValidData_WithInsert_OrderNet_GreaterThan_OrderTotal" time="10.366"/>
  <testcase classname="Pages.EditOrder_In_TFK" name="ValidData_WithInsert_OrderShipping_GreaterThan_OrderNet" time="10.546"/>
  <testcase classname="Pages.EditOrder_In_TFK" name="ValidData_WithInsert_OrderShipping_GreaterThan_OrderTotal" time="10.528"/>
  <testcase classname="Pages.EditOrder_In_TFK" name="ValidData_WithInsert_OrderTax_GreaterThan_OrderNet" time="10.873"/>
  <testcase classname="Pages.EditOrder_In_TFK" name="ValidData_WithInsert_OrderTax_GreaterThan_OrderTotal" time="10.422"/>
  <testcase classname="Pages.EditOrder_In_TFK" name="ValidData_WithInsert_Zero_In_OrderCommission" time="10.482"/>
  <testcase classname="Pages.EditOrder_In_TFK" name="ValidData_WithInsert_Zero_In_OrderDiscount" time="10.459"/>
  <testcase classname="Pages.EditOrder_In_TFK" name="ValidData_WithInsert_Zero_In_OrderNet" time="10.634"/>
  <testcase classname="Pages.EditOrder_In_TFK" name="ValidData_WithInsert_Zero_In_OrderShipping" time="11.152"/>
  <testcase classname="Pages.EditOrder_In_TFK" name="ValidData_WithInsert_Zero_In_OrderTax" time="11.804"/>
  <testcase classname="Pages.EditOrder_In_TFK" name="ValidData_With_Insert_Zero_In_OrderTotal" time="11.259"/>
  <testcase classname="Pages.EditOrder_In_TFK" name="ValidData_Without_InsertData_In_OrderTotal" time="0.94"/>
  <testcase classname="Pages.EditOrder_In_TFK" name="ValidData_Without_insertDataIN_OrderCommission" time="1.311"/>
  <testcase classname="Pages.EditOrder_In_TFK" name="ValidData_Without_insertDataIN_OrderDiscount" time="1.632"/>
  <testcase classname="Pages.EditOrder_In_TFK" name="ValidData_Without_insertDataIN_OrderNet" time="1.313"/>
  <testcase classname="Pages.EditOrder_In_TFK" name="ValidData_Without_insertDataIN_OrderShipping" time="2.082"/>
  <testcase classname="Pages.EditOrder_In_TFK" name="ValidData_Without_insertDataIN_OrderTax" time="2.839"/>
  <testcase classname="Pages.EditOrder_In_Yashry" name="CheckThat_someFields_Disabled" time="0.141"/>
  <testcase classname="Pages.EditOrder_In_Yashry" name="ValidData_WithInsert_NegativeNumber_In_OrderDiscount" time="10.856"/>
  <testcase classname="Pages.EditOrder_In_Yashry" name="ValidData_WithInsert_NegativeNumber_In_OrderShipping" time="10.998"/>
  <testcase classname="Pages.EditOrder_In_Yashry" name="ValidData_WithInsert_NegativeNumber_In_OrderTotal" time="10.81"/>
  <testcase classname="Pages.EditOrder_In_Yashry" name="ValidData_WithInsert_OrderDiscount_GreaterThan_OrderTotal" time="10.597"/>
  <testcase classname="Pages.EditOrder_In_Yashry" name="ValidData_WithInsert_OrderShipping_GreaterThan_OrderTotal" time="11.036"/>
  <testcase classname="Pages.EditOrder_In_Yashry" name="ValidData_With_Insert_Zero_In_OrderDiscount" time="11.031"/>
  <testcase classname="Pages.EditOrder_In_Yashry" name="ValidData_With_Insert_Zero_In_OrderShipping" time="10.796"/>
  <testcase classname="Pages.EditOrder_In_Yashry" name="ValidData_With_Insert_Zero_In_OrderTotal" time="10.897"/>
  <testcase classname="Pages.EditOrder_In_Yashry" name="ValidData_Without_InsertData_In_OrderDiscount" time="10.618"/>
  <testcase classname="Pages.EditOrder_In_Yashry" name="ValidData_Without_InsertData_In_OrderShipping" time="10.935"/>
  <testcase classname="Pages.EditOrder_In_Yashry" name="ValidData_Without_InsertData_In_OrderTotal" time="10.996"/>
</testsuite> <!-- Test -->
