<?xml version="1.0" encoding="UTF-8"?>
<testng-results ignored="0" total="84" passed="84" failed="0" skipped="0">
  <reporter-output>
  </reporter-output>
  <suite started-at="2022-05-24T13:04:22 EET" name="Suite" finished-at="2022-05-24T13:27:06 EET" duration-ms="1364653">
    <groups>
    </groups>
    <test started-at="2022-05-24T13:04:22 EET" name="Test" finished-at="2022-05-24T13:27:06 EET" duration-ms="1364653">
      <class name="Pages.Report">
        <test-method is-config="true" signature="start()[pri:0, instance:Pages.Report@397fbdb]" started-at="2022-05-24T13:04:22 EET" name="start" finished-at="2022-05-24T13:04:22 EET" duration-ms="212" status="PASS">
          <reporter-output>
          </reporter-output>
        </test-method> <!-- start -->
        <test-method is-config="true" signature="End()[pri:0, instance:Pages.Report@397fbdb]" started-at="2022-05-24T13:27:06 EET" name="End" finished-at="2022-05-24T13:27:07 EET" duration-ms="377" status="PASS">
          <reporter-output>
          </reporter-output>
        </test-method> <!-- End -->
      </class> <!-- Pages.Report -->
      <class name="Pages.SignUP">
        <test-method is-config="true" signature="openURL()[pri:0, instance:Pages.SignUP@5656be13]" started-at="2022-05-24T13:05:02 EET" name="openURL" finished-at="2022-05-24T13:05:05 EET" duration-ms="3049" status="PASS">
          <reporter-output>
          </reporter-output>
        </test-method> <!-- openURL -->
        <test-method signature="BackButton()[pri:0, instance:Pages.SignUP@5656be13]" started-at="2022-05-24T13:05:05 EET" name="BackButton" finished-at="2022-05-24T13:05:05 EET" duration-ms="381" status="PASS">
          <reporter-output>
          </reporter-output>
        </test-method> <!-- BackButton -->
        <test-method is-config="true" signature="quit(org.testng.ITestResult)[pri:0, instance:Pages.SignUP@5656be13]" started-at="2022-05-24T13:05:05 EET" name="quit" finished-at="2022-05-24T13:05:10 EET" duration-ms="4452" status="PASS">
          <params>
            <param index="0">
              <value>
                <![CDATA[[TestResult name=BackButton status=SUCCESS method=SignUP.BackButton()[pri:0, instance:Pages.SignUP@5656be13] output={null}]]]>
              </value>
            </param>
          </params>
          <reporter-output>
          </reporter-output>
        </test-method> <!-- quit -->
        <test-method is-config="true" signature="openURL()[pri:0, instance:Pages.SignUP@5656be13]" started-at="2022-05-24T13:05:10 EET" name="openURL" finished-at="2022-05-24T13:05:14 EET" duration-ms="4396" status="PASS">
          <reporter-output>
          </reporter-output>
        </test-method> <!-- openURL -->
        <test-method signature="SignUP_All_fields_empty()[pri:0, instance:Pages.SignUP@5656be13]" started-at="2022-05-24T13:05:14 EET" name="SignUP_All_fields_empty" finished-at="2022-05-24T13:05:15 EET" duration-ms="905" status="PASS">
          <reporter-output>
          </reporter-output>
        </test-method> <!-- SignUP_All_fields_empty -->
        <test-method is-config="true" signature="quit(org.testng.ITestResult)[pri:0, instance:Pages.SignUP@5656be13]" started-at="2022-05-24T13:05:15 EET" name="quit" finished-at="2022-05-24T13:05:18 EET" duration-ms="2729" status="PASS">
          <params>
            <param index="0">
              <value>
                <![CDATA[[TestResult name=SignUP_All_fields_empty status=SUCCESS method=SignUP.SignUP_All_fields_empty()[pri:0, instance:Pages.SignUP@5656be13] output={null}]]]>
              </value>
            </param>
          </params>
          <reporter-output>
          </reporter-output>
        </test-method> <!-- quit -->
        <test-method is-config="true" signature="openURL()[pri:0, instance:Pages.SignUP@5656be13]" started-at="2022-05-24T13:05:18 EET" name="openURL" finished-at="2022-05-24T13:05:21 EET" duration-ms="3550" status="PASS">
          <reporter-output>
          </reporter-output>
        </test-method> <!-- openURL -->
        <test-method signature="SignUP_Check_System_TerminateSpacesFrom_Mail()[pri:0, instance:Pages.SignUP@5656be13]" started-at="2022-05-24T13:05:21 EET" name="SignUP_Check_System_TerminateSpacesFrom_Mail" finished-at="2022-05-24T13:05:26 EET" duration-ms="4625" status="PASS">
          <reporter-output>
          </reporter-output>
        </test-method> <!-- SignUP_Check_System_TerminateSpacesFrom_Mail -->
        <test-method is-config="true" signature="quit(org.testng.ITestResult)[pri:0, instance:Pages.SignUP@5656be13]" started-at="2022-05-24T13:05:26 EET" name="quit" finished-at="2022-05-24T13:05:26 EET" duration-ms="135" status="PASS">
          <params>
            <param index="0">
              <value>
                <![CDATA[[TestResult name=SignUP_Check_System_TerminateSpacesFrom_Mail status=SUCCESS method=SignUP.SignUP_Check_System_TerminateSpacesFrom_Mail()[pri:0, instance:Pages.SignUP@5656be13] output={null}]]]>
              </value>
            </param>
          </params>
          <reporter-output>
          </reporter-output>
        </test-method> <!-- quit -->
        <test-method is-config="true" signature="openURL()[pri:0, instance:Pages.SignUP@5656be13]" started-at="2022-05-24T13:05:26 EET" name="openURL" finished-at="2022-05-24T13:05:29 EET" duration-ms="3084" status="PASS">
          <reporter-output>
          </reporter-output>
        </test-method> <!-- openURL -->
        <test-method signature="SignUP_CorrectData_Butinsert_NumbersandSymbols_in_name()[pri:0, instance:Pages.SignUP@5656be13]" started-at="2022-05-24T13:05:29 EET" name="SignUP_CorrectData_Butinsert_NumbersandSymbols_in_name" finished-at="2022-05-24T13:05:30 EET" duration-ms="1412" status="PASS">
          <reporter-output>
          </reporter-output>
        </test-method> <!-- SignUP_CorrectData_Butinsert_NumbersandSymbols_in_name -->
        <test-method is-config="true" signature="quit(org.testng.ITestResult)[pri:0, instance:Pages.SignUP@5656be13]" started-at="2022-05-24T13:05:30 EET" name="quit" finished-at="2022-05-24T13:05:33 EET" duration-ms="2910" status="PASS">
          <params>
            <param index="0">
              <value>
                <![CDATA[[TestResult name=SignUP_CorrectData_Butinsert_NumbersandSymbols_in_name status=SUCCESS method=SignUP.SignUP_CorrectData_Butinsert_NumbersandSymbols_in_name()[pri:0, instance:Pages.SignUP@5656be13] output={null}]]]>
              </value>
            </param>
          </params>
          <reporter-output>
          </reporter-output>
        </test-method> <!-- quit -->
        <test-method is-config="true" signature="openURL()[pri:0, instance:Pages.SignUP@5656be13]" started-at="2022-05-24T13:05:33 EET" name="openURL" finished-at="2022-05-24T13:05:36 EET" duration-ms="2921" status="PASS">
          <reporter-output>
          </reporter-output>
        </test-method> <!-- openURL -->
        <test-method signature="SignUP_CorrectData_Butinsert_Wrong_Format_in_Mail()[pri:0, instance:Pages.SignUP@5656be13]" started-at="2022-05-24T13:05:36 EET" name="SignUP_CorrectData_Butinsert_Wrong_Format_in_Mail" finished-at="2022-05-24T13:05:38 EET" duration-ms="1975" status="PASS">
          <reporter-output>
          </reporter-output>
        </test-method> <!-- SignUP_CorrectData_Butinsert_Wrong_Format_in_Mail -->
        <test-method is-config="true" signature="quit(org.testng.ITestResult)[pri:0, instance:Pages.SignUP@5656be13]" started-at="2022-05-24T13:05:38 EET" name="quit" finished-at="2022-05-24T13:05:43 EET" duration-ms="4728" status="PASS">
          <params>
            <param index="0">
              <value>
                <![CDATA[[TestResult name=SignUP_CorrectData_Butinsert_Wrong_Format_in_Mail status=SUCCESS method=SignUP.SignUP_CorrectData_Butinsert_Wrong_Format_in_Mail()[pri:0, instance:Pages.SignUP@5656be13] output={null}]]]>
              </value>
            </param>
          </params>
          <reporter-output>
          </reporter-output>
        </test-method> <!-- quit -->
        <test-method is-config="true" signature="openURL()[pri:0, instance:Pages.SignUP@5656be13]" started-at="2022-05-24T13:05:43 EET" name="openURL" finished-at="2022-05-24T13:05:46 EET" duration-ms="2771" status="PASS">
          <reporter-output>
          </reporter-output>
        </test-method> <!-- openURL -->
        <test-method signature="SignUP_CorrectData_Butinsert_Wrong_Format_in_URL()[pri:0, instance:Pages.SignUP@5656be13]" started-at="2022-05-24T13:05:46 EET" name="SignUP_CorrectData_Butinsert_Wrong_Format_in_URL" finished-at="2022-05-24T13:05:49 EET" duration-ms="3024" status="PASS">
          <reporter-output>
          </reporter-output>
        </test-method> <!-- SignUP_CorrectData_Butinsert_Wrong_Format_in_URL -->
        <test-method is-config="true" signature="quit(org.testng.ITestResult)[pri:0, instance:Pages.SignUP@5656be13]" started-at="2022-05-24T13:05:49 EET" name="quit" finished-at="2022-05-24T13:05:49 EET" duration-ms="179" status="PASS">
          <params>
            <param index="0">
              <value>
                <![CDATA[[TestResult name=SignUP_CorrectData_Butinsert_Wrong_Format_in_URL status=SUCCESS method=SignUP.SignUP_CorrectData_Butinsert_Wrong_Format_in_URL()[pri:0, instance:Pages.SignUP@5656be13] output={null}]]]>
              </value>
            </param>
          </params>
          <reporter-output>
          </reporter-output>
        </test-method> <!-- quit -->
        <test-method is-config="true" signature="openURL()[pri:0, instance:Pages.SignUP@5656be13]" started-at="2022-05-24T13:05:49 EET" name="openURL" finished-at="2022-05-24T13:05:53 EET" duration-ms="4513" status="PASS">
          <reporter-output>
          </reporter-output>
        </test-method> <!-- openURL -->
        <test-method signature="SignUP_CorrectData_Butinsert_differentValuesin_password_and_confirmpassword()[pri:0, instance:Pages.SignUP@5656be13]" started-at="2022-05-24T13:05:53 EET" name="SignUP_CorrectData_Butinsert_differentValuesin_password_and_confirmpassword" finished-at="2022-05-24T13:05:55 EET" duration-ms="2026" status="PASS">
          <reporter-output>
          </reporter-output>
        </test-method> <!-- SignUP_CorrectData_Butinsert_differentValuesin_password_and_confirmpassword -->
        <test-method is-config="true" signature="quit(org.testng.ITestResult)[pri:0, instance:Pages.SignUP@5656be13]" started-at="2022-05-24T13:05:55 EET" name="quit" finished-at="2022-05-24T13:06:00 EET" duration-ms="4623" status="PASS">
          <params>
            <param index="0">
              <value>
                <![CDATA[[TestResult name=SignUP_CorrectData_Butinsert_differentValuesin_password_and_confirmpassword status=SUCCESS method=SignUP.SignUP_CorrectData_Butinsert_differentValuesin_password_and_confirmpassword()[pri:0, instance:Pages.SignUP@5656be13] output={null}]]]>
              </value>
            </param>
          </params>
          <reporter-output>
          </reporter-output>
        </test-method> <!-- quit -->
        <test-method is-config="true" signature="openURL()[pri:0, instance:Pages.SignUP@5656be13]" started-at="2022-05-24T13:06:00 EET" name="openURL" finished-at="2022-05-24T13:06:04 EET" duration-ms="3653" status="PASS">
          <reporter-output>
          </reporter-output>
        </test-method> <!-- openURL -->
        <test-method signature="SignUP_CorrectData_Butinsert_email_exist_before_in_Mail()[pri:0, instance:Pages.SignUP@5656be13]" started-at="2022-05-24T13:06:04 EET" name="SignUP_CorrectData_Butinsert_email_exist_before_in_Mail" finished-at="2022-05-24T13:06:08 EET" duration-ms="4496" status="PASS">
          <reporter-output>
          </reporter-output>
        </test-method> <!-- SignUP_CorrectData_Butinsert_email_exist_before_in_Mail -->
        <test-method is-config="true" signature="quit(org.testng.ITestResult)[pri:0, instance:Pages.SignUP@5656be13]" started-at="2022-05-24T13:06:08 EET" name="quit" finished-at="2022-05-24T13:06:08 EET" duration-ms="189" status="PASS">
          <params>
            <param index="0">
              <value>
                <![CDATA[[TestResult name=SignUP_CorrectData_Butinsert_email_exist_before_in_Mail status=SUCCESS method=SignUP.SignUP_CorrectData_Butinsert_email_exist_before_in_Mail()[pri:0, instance:Pages.SignUP@5656be13] output={null}]]]>
              </value>
            </param>
          </params>
          <reporter-output>
          </reporter-output>
        </test-method> <!-- quit -->
        <test-method is-config="true" signature="openURL()[pri:0, instance:Pages.SignUP@5656be13]" started-at="2022-05-24T13:06:08 EET" name="openURL" finished-at="2022-05-24T13:06:12 EET" duration-ms="3926" status="PASS">
          <reporter-output>
          </reporter-output>
        </test-method> <!-- openURL -->
        <test-method signature="SignUP_CorrectData_Butinsert_lettersandsymbols_in_phone()[pri:0, instance:Pages.SignUP@5656be13]" started-at="2022-05-24T13:06:12 EET" name="SignUP_CorrectData_Butinsert_lettersandsymbols_in_phone" finished-at="2022-05-24T13:06:14 EET" duration-ms="1977" status="PASS">
          <reporter-output>
          </reporter-output>
        </test-method> <!-- SignUP_CorrectData_Butinsert_lettersandsymbols_in_phone -->
        <test-method is-config="true" signature="quit(org.testng.ITestResult)[pri:0, instance:Pages.SignUP@5656be13]" started-at="2022-05-24T13:06:14 EET" name="quit" finished-at="2022-05-24T13:06:19 EET" duration-ms="4918" status="PASS">
          <params>
            <param index="0">
              <value>
                <![CDATA[[TestResult name=SignUP_CorrectData_Butinsert_lettersandsymbols_in_phone status=SUCCESS method=SignUP.SignUP_CorrectData_Butinsert_lettersandsymbols_in_phone()[pri:0, instance:Pages.SignUP@5656be13] output={null}]]]>
              </value>
            </param>
          </params>
          <reporter-output>
          </reporter-output>
        </test-method> <!-- quit -->
        <test-method is-config="true" signature="openURL()[pri:0, instance:Pages.SignUP@5656be13]" started-at="2022-05-24T13:06:19 EET" name="openURL" finished-at="2022-05-24T13:06:22 EET" duration-ms="2654" status="PASS">
          <reporter-output>
          </reporter-output>
        </test-method> <!-- openURL -->
        <test-method signature="SignUP_CorrectData_Butinsert_numberWhichExistBefore_in_phone()[pri:0, instance:Pages.SignUP@5656be13]" started-at="2022-05-24T13:06:22 EET" name="SignUP_CorrectData_Butinsert_numberWhichExistBefore_in_phone" finished-at="2022-05-24T13:06:25 EET" duration-ms="2933" status="PASS">
          <reporter-output>
          </reporter-output>
        </test-method> <!-- SignUP_CorrectData_Butinsert_numberWhichExistBefore_in_phone -->
        <test-method is-config="true" signature="quit(org.testng.ITestResult)[pri:0, instance:Pages.SignUP@5656be13]" started-at="2022-05-24T13:06:25 EET" name="quit" finished-at="2022-05-24T13:06:29 EET" duration-ms="4548" status="PASS">
          <params>
            <param index="0">
              <value>
                <![CDATA[[TestResult name=SignUP_CorrectData_Butinsert_numberWhichExistBefore_in_phone status=SUCCESS method=SignUP.SignUP_CorrectData_Butinsert_numberWhichExistBefore_in_phone()[pri:0, instance:Pages.SignUP@5656be13] output={null}]]]>
              </value>
            </param>
          </params>
          <reporter-output>
          </reporter-output>
        </test-method> <!-- quit -->
        <test-method is-config="true" signature="openURL()[pri:0, instance:Pages.SignUP@5656be13]" started-at="2022-05-24T13:06:29 EET" name="openURL" finished-at="2022-05-24T13:06:33 EET" duration-ms="3460" status="PASS">
          <reporter-output>
          </reporter-output>
        </test-method> <!-- openURL -->
        <test-method signature="SignUP_CorrectData_Butinsert_spaces_only_in_name()[pri:0, instance:Pages.SignUP@5656be13]" started-at="2022-05-24T13:06:33 EET" name="SignUP_CorrectData_Butinsert_spaces_only_in_name" finished-at="2022-05-24T13:06:38 EET" duration-ms="4767" status="PASS">
          <reporter-output>
          </reporter-output>
        </test-method> <!-- SignUP_CorrectData_Butinsert_spaces_only_in_name -->
        <test-method is-config="true" signature="quit(org.testng.ITestResult)[pri:0, instance:Pages.SignUP@5656be13]" started-at="2022-05-24T13:06:38 EET" name="quit" finished-at="2022-05-24T13:06:38 EET" duration-ms="124" status="PASS">
          <params>
            <param index="0">
              <value>
                <![CDATA[[TestResult name=SignUP_CorrectData_Butinsert_spaces_only_in_name status=SUCCESS method=SignUP.SignUP_CorrectData_Butinsert_spaces_only_in_name()[pri:0, instance:Pages.SignUP@5656be13] output={null}]]]>
              </value>
            </param>
          </params>
          <reporter-output>
          </reporter-output>
        </test-method> <!-- quit -->
        <test-method is-config="true" signature="openURL()[pri:0, instance:Pages.SignUP@5656be13]" started-at="2022-05-24T13:06:38 EET" name="openURL" finished-at="2022-05-24T13:06:41 EET" duration-ms="2853" status="PASS">
          <reporter-output>
          </reporter-output>
        </test-method> <!-- openURL -->
        <test-method signature="SignUP_CorrectData_Butinsert_value_Greater_than_maximum_limitation_in_password()[pri:0, instance:Pages.SignUP@5656be13]" started-at="2022-05-24T13:06:41 EET" name="SignUP_CorrectData_Butinsert_value_Greater_than_maximum_limitation_in_password" finished-at="2022-05-24T13:06:42 EET" duration-ms="1721" status="PASS">
          <reporter-output>
          </reporter-output>
        </test-method> <!-- SignUP_CorrectData_Butinsert_value_Greater_than_maximum_limitation_in_password -->
        <test-method is-config="true" signature="quit(org.testng.ITestResult)[pri:0, instance:Pages.SignUP@5656be13]" started-at="2022-05-24T13:06:42 EET" name="quit" finished-at="2022-05-24T13:06:47 EET" duration-ms="4853" status="PASS">
          <params>
            <param index="0">
              <value>
                <![CDATA[[TestResult name=SignUP_CorrectData_Butinsert_value_Greater_than_maximum_limitation_in_password status=SUCCESS method=SignUP.SignUP_CorrectData_Butinsert_value_Greater_than_maximum_limitation_in_password()[pri:0, instance:Pages.SignUP@5656be13] output={null}]]]>
              </value>
            </param>
          </params>
          <reporter-output>
          </reporter-output>
        </test-method> <!-- quit -->
        <test-method is-config="true" signature="openURL()[pri:0, instance:Pages.SignUP@5656be13]" started-at="2022-05-24T13:06:47 EET" name="openURL" finished-at="2022-05-24T13:06:51 EET" duration-ms="3968" status="PASS">
          <reporter-output>
          </reporter-output>
        </test-method> <!-- openURL -->
        <test-method signature="SignUP_CorrectData_Butinsert_value_Greater_than_maximum_limitation_in_phone()[pri:0, instance:Pages.SignUP@5656be13]" started-at="2022-05-24T13:06:51 EET" name="SignUP_CorrectData_Butinsert_value_Greater_than_maximum_limitation_in_phone" finished-at="2022-05-24T13:06:53 EET" duration-ms="2206" status="PASS">
          <reporter-output>
          </reporter-output>
        </test-method> <!-- SignUP_CorrectData_Butinsert_value_Greater_than_maximum_limitation_in_phone -->
        <test-method is-config="true" signature="quit(org.testng.ITestResult)[pri:0, instance:Pages.SignUP@5656be13]" started-at="2022-05-24T13:06:53 EET" name="quit" finished-at="2022-05-24T13:06:53 EET" duration-ms="159" status="PASS">
          <params>
            <param index="0">
              <value>
                <![CDATA[[TestResult name=SignUP_CorrectData_Butinsert_value_Greater_than_maximum_limitation_in_phone status=SUCCESS method=SignUP.SignUP_CorrectData_Butinsert_value_Greater_than_maximum_limitation_in_phone()[pri:0, instance:Pages.SignUP@5656be13] output={null}]]]>
              </value>
            </param>
          </params>
          <reporter-output>
          </reporter-output>
        </test-method> <!-- quit -->
        <test-method is-config="true" signature="openURL()[pri:0, instance:Pages.SignUP@5656be13]" started-at="2022-05-24T13:06:53 EET" name="openURL" finished-at="2022-05-24T13:06:57 EET" duration-ms="3285" status="PASS">
          <reporter-output>
          </reporter-output>
        </test-method> <!-- openURL -->
        <test-method signature="SignUP_CorrectData_Butinsert_value_less_than_minimum_limitation_in_password()[pri:0, instance:Pages.SignUP@5656be13]" started-at="2022-05-24T13:06:57 EET" name="SignUP_CorrectData_Butinsert_value_less_than_minimum_limitation_in_password" finished-at="2022-05-24T13:06:58 EET" duration-ms="1626" status="PASS">
          <reporter-output>
          </reporter-output>
        </test-method> <!-- SignUP_CorrectData_Butinsert_value_less_than_minimum_limitation_in_password -->
        <test-method is-config="true" signature="quit(org.testng.ITestResult)[pri:0, instance:Pages.SignUP@5656be13]" started-at="2022-05-24T13:06:58 EET" name="quit" finished-at="2022-05-24T13:07:03 EET" duration-ms="4637" status="PASS">
          <params>
            <param index="0">
              <value>
                <![CDATA[[TestResult name=SignUP_CorrectData_Butinsert_value_less_than_minimum_limitation_in_password status=SUCCESS method=SignUP.SignUP_CorrectData_Butinsert_value_less_than_minimum_limitation_in_password()[pri:0, instance:Pages.SignUP@5656be13] output={null}]]]>
              </value>
            </param>
          </params>
          <reporter-output>
          </reporter-output>
        </test-method> <!-- quit -->
        <test-method is-config="true" signature="openURL()[pri:0, instance:Pages.SignUP@5656be13]" started-at="2022-05-24T13:07:03 EET" name="openURL" finished-at="2022-05-24T13:07:06 EET" duration-ms="2678" status="PASS">
          <reporter-output>
          </reporter-output>
        </test-method> <!-- openURL -->
        <test-method signature="SignUP_CorrectData_Butinsert_value_less_than_minimum_limitation_in_phone()[pri:0, instance:Pages.SignUP@5656be13]" started-at="2022-05-24T13:07:06 EET" name="SignUP_CorrectData_Butinsert_value_less_than_minimum_limitation_in_phone" finished-at="2022-05-24T13:07:09 EET" duration-ms="2907" status="PASS">
          <reporter-output>
          </reporter-output>
        </test-method> <!-- SignUP_CorrectData_Butinsert_value_less_than_minimum_limitation_in_phone -->
        <test-method is-config="true" signature="quit(org.testng.ITestResult)[pri:0, instance:Pages.SignUP@5656be13]" started-at="2022-05-24T13:07:09 EET" name="quit" finished-at="2022-05-24T13:07:13 EET" duration-ms="4823" status="PASS">
          <params>
            <param index="0">
              <value>
                <![CDATA[[TestResult name=SignUP_CorrectData_Butinsert_value_less_than_minimum_limitation_in_phone status=SUCCESS method=SignUP.SignUP_CorrectData_Butinsert_value_less_than_minimum_limitation_in_phone()[pri:0, instance:Pages.SignUP@5656be13] output={null}]]]>
              </value>
            </param>
          </params>
          <reporter-output>
          </reporter-output>
        </test-method> <!-- quit -->
        <test-method is-config="true" signature="openURL()[pri:0, instance:Pages.SignUP@5656be13]" started-at="2022-05-24T13:07:13 EET" name="openURL" finished-at="2022-05-24T13:07:17 EET" duration-ms="3709" status="PASS">
          <reporter-output>
          </reporter-output>
        </test-method> <!-- openURL -->
        <test-method signature="SignUP_ValidData()[pri:0, instance:Pages.SignUP@5656be13]" started-at="2022-05-24T13:07:17 EET" name="SignUP_ValidData" finished-at="2022-05-24T13:07:22 EET" duration-ms="5319" status="PASS">
          <reporter-output>
          </reporter-output>
        </test-method> <!-- SignUP_ValidData -->
        <test-method is-config="true" signature="quit(org.testng.ITestResult)[pri:0, instance:Pages.SignUP@5656be13]" started-at="2022-05-24T13:07:22 EET" name="quit" finished-at="2022-05-24T13:07:27 EET" duration-ms="4432" status="PASS">
          <params>
            <param index="0">
              <value>
                <![CDATA[[TestResult name=SignUP_ValidData status=SUCCESS method=SignUP.SignUP_ValidData()[pri:0, instance:Pages.SignUP@5656be13] output={null}]]]>
              </value>
            </param>
          </params>
          <reporter-output>
          </reporter-output>
        </test-method> <!-- quit -->
        <test-method is-config="true" signature="openURL()[pri:0, instance:Pages.SignUP@5656be13]" started-at="2022-05-24T13:07:27 EET" name="openURL" finished-at="2022-05-24T13:07:30 EET" duration-ms="2753" status="PASS">
          <reporter-output>
          </reporter-output>
        </test-method> <!-- openURL -->
        <test-method signature="SignUP_ValidData_WithInsert_any_data_In_Description()[pri:0, instance:Pages.SignUP@5656be13]" started-at="2022-05-24T13:07:30 EET" name="SignUP_ValidData_WithInsert_any_data_In_Description" finished-at="2022-05-24T13:07:32 EET" duration-ms="1947" status="PASS">
          <reporter-output>
          </reporter-output>
        </test-method> <!-- SignUP_ValidData_WithInsert_any_data_In_Description -->
        <test-method is-config="true" signature="quit(org.testng.ITestResult)[pri:0, instance:Pages.SignUP@5656be13]" started-at="2022-05-24T13:07:32 EET" name="quit" finished-at="2022-05-24T13:07:35 EET" duration-ms="3426" status="PASS">
          <params>
            <param index="0">
              <value>
                <![CDATA[[TestResult name=SignUP_ValidData_WithInsert_any_data_In_Description status=SUCCESS method=SignUP.SignUP_ValidData_WithInsert_any_data_In_Description()[pri:0, instance:Pages.SignUP@5656be13] output={null}]]]>
              </value>
            </param>
          </params>
          <reporter-output>
          </reporter-output>
        </test-method> <!-- quit -->
      </class> <!-- Pages.SignUP -->
      <class name="Pages.Login">
        <test-method is-config="true" signature="open_URL()[pri:0, instance:Pages.Login@223191a6]" started-at="2022-05-24T13:04:22 EET" name="open_URL" finished-at="2022-05-24T13:04:37 EET" duration-ms="15409" status="PASS">
          <reporter-output>
          </reporter-output>
        </test-method> <!-- open_URL -->
        <test-method signature="Login_All_fields_empty()[pri:0, instance:Pages.Login@223191a6]" started-at="2022-05-24T13:04:37 EET" name="Login_All_fields_empty" finished-at="2022-05-24T13:04:37 EET" duration-ms="200" status="PASS">
          <reporter-output>
          </reporter-output>
        </test-method> <!-- Login_All_fields_empty -->
        <test-method is-config="true" signature="quit(org.testng.ITestResult)[pri:0, instance:Pages.Login@223191a6]" started-at="2022-05-24T13:04:37 EET" name="quit" finished-at="2022-05-24T13:04:38 EET" duration-ms="189" status="PASS">
          <params>
            <param index="0">
              <value>
                <![CDATA[[TestResult name=Login_All_fields_empty status=SUCCESS method=Login.Login_All_fields_empty()[pri:0, instance:Pages.Login@223191a6] output={null}]]]>
              </value>
            </param>
          </params>
          <reporter-output>
          </reporter-output>
        </test-method> <!-- quit -->
        <test-method is-config="true" signature="open_URL()[pri:0, instance:Pages.Login@223191a6]" started-at="2022-05-24T13:04:38 EET" name="open_URL" finished-at="2022-05-24T13:04:40 EET" duration-ms="2850" status="PASS">
          <reporter-output>
          </reporter-output>
        </test-method> <!-- open_URL -->
        <test-method signature="Login_Correct_username_AndWrong_password()[pri:0, instance:Pages.Login@223191a6]" started-at="2022-05-24T13:04:40 EET" name="Login_Correct_username_AndWrong_password" finished-at="2022-05-24T13:04:43 EET" duration-ms="2492" status="PASS">
          <reporter-output>
          </reporter-output>
        </test-method> <!-- Login_Correct_username_AndWrong_password -->
        <test-method is-config="true" signature="quit(org.testng.ITestResult)[pri:0, instance:Pages.Login@223191a6]" started-at="2022-05-24T13:04:43 EET" name="quit" finished-at="2022-05-24T13:04:43 EET" duration-ms="154" status="PASS">
          <params>
            <param index="0">
              <value>
                <![CDATA[[TestResult name=Login_Correct_username_AndWrong_password status=SUCCESS method=Login.Login_Correct_username_AndWrong_password()[pri:0, instance:Pages.Login@223191a6] output={null}]]]>
              </value>
            </param>
          </params>
          <reporter-output>
          </reporter-output>
        </test-method> <!-- quit -->
        <test-method is-config="true" signature="open_URL()[pri:0, instance:Pages.Login@223191a6]" started-at="2022-05-24T13:04:43 EET" name="open_URL" finished-at="2022-05-24T13:04:47 EET" duration-ms="3642" status="PASS">
          <reporter-output>
          </reporter-output>
        </test-method> <!-- open_URL -->
        <test-method signature="Login_Valid_Data()[pri:0, instance:Pages.Login@223191a6]" started-at="2022-05-24T13:04:47 EET" name="Login_Valid_Data" finished-at="2022-05-24T13:04:49 EET" duration-ms="2624" status="PASS">
          <reporter-output>
          </reporter-output>
        </test-method> <!-- Login_Valid_Data -->
        <test-method is-config="true" signature="quit(org.testng.ITestResult)[pri:0, instance:Pages.Login@223191a6]" started-at="2022-05-24T13:04:49 EET" name="quit" finished-at="2022-05-24T13:04:54 EET" duration-ms="4510" status="PASS">
          <params>
            <param index="0">
              <value>
                <![CDATA[[TestResult name=Login_Valid_Data status=SUCCESS method=Login.Login_Valid_Data()[pri:0, instance:Pages.Login@223191a6] output={null}]]]>
              </value>
            </param>
          </params>
          <reporter-output>
          </reporter-output>
        </test-method> <!-- quit -->
        <test-method is-config="true" signature="open_URL()[pri:0, instance:Pages.Login@223191a6]" started-at="2022-05-24T13:04:54 EET" name="open_URL" finished-at="2022-05-24T13:04:56 EET" duration-ms="2450" status="PASS">
          <reporter-output>
          </reporter-output>
        </test-method> <!-- open_URL -->
        <test-method signature="Login_Wrong_username_Correct_password()[pri:0, instance:Pages.Login@223191a6]" started-at="2022-05-24T13:04:56 EET" name="Login_Wrong_username_Correct_password" finished-at="2022-05-24T13:04:57 EET" duration-ms="1109" status="PASS">
          <reporter-output>
          </reporter-output>
        </test-method> <!-- Login_Wrong_username_Correct_password -->
        <test-method is-config="true" signature="quit(org.testng.ITestResult)[pri:0, instance:Pages.Login@223191a6]" started-at="2022-05-24T13:04:57 EET" name="quit" finished-at="2022-05-24T13:05:02 EET" duration-ms="4193" status="PASS">
          <params>
            <param index="0">
              <value>
                <![CDATA[[TestResult name=Login_Wrong_username_Correct_password status=SUCCESS method=Login.Login_Wrong_username_Correct_password()[pri:0, instance:Pages.Login@223191a6] output={null}]]]>
              </value>
            </param>
          </params>
          <reporter-output>
          </reporter-output>
        </test-method> <!-- quit -->
      </class> <!-- Pages.Login -->
      <class name="Pages.Cookies">
        <test-method is-config="true" signature="open_URL()[pri:0, instance:Pages.Cookies@14cd1699]" started-at="2022-05-24T13:09:33 EET" name="open_URL" finished-at="2022-05-24T13:09:35 EET" duration-ms="1657" status="PASS">
          <reporter-output>
          </reporter-output>
        </test-method> <!-- open_URL -->
        <test-method signature="Cookies_Auditechnology()[pri:0, instance:Pages.Cookies@14cd1699]" started-at="2022-05-24T13:09:35 EET" name="Cookies_Auditechnology" finished-at="2022-05-24T13:09:47 EET" duration-ms="11793" status="PASS">
          <reporter-output>
          </reporter-output>
        </test-method> <!-- Cookies_Auditechnology -->
        <test-method is-config="true" signature="quit(org.testng.ITestResult)[pri:0, instance:Pages.Cookies@14cd1699]" started-at="2022-05-24T13:09:47 EET" name="quit" finished-at="2022-05-24T13:09:47 EET" duration-ms="256" status="PASS">
          <params>
            <param index="0">
              <value>
                <![CDATA[[TestResult name=Cookies_Auditechnology status=SUCCESS method=Cookies.Cookies_Auditechnology()[pri:0, instance:Pages.Cookies@14cd1699] output={null}]]]>
              </value>
            </param>
          </params>
          <reporter-output>
          </reporter-output>
        </test-method> <!-- quit -->
        <test-method is-config="true" signature="open_URL()[pri:0, instance:Pages.Cookies@14cd1699]" started-at="2022-05-24T13:09:47 EET" name="open_URL" finished-at="2022-05-24T13:09:48 EET" duration-ms="1271" status="PASS">
          <reporter-output>
          </reporter-output>
        </test-method> <!-- open_URL -->
        <test-method signature="Cookies_Carina()[pri:0, instance:Pages.Cookies@14cd1699]" started-at="2022-05-24T13:09:48 EET" name="Cookies_Carina" finished-at="2022-05-24T13:09:59 EET" duration-ms="10518" status="PASS">
          <reporter-output>
          </reporter-output>
        </test-method> <!-- Cookies_Carina -->
        <test-method is-config="true" signature="quit(org.testng.ITestResult)[pri:0, instance:Pages.Cookies@14cd1699]" started-at="2022-05-24T13:09:59 EET" name="quit" finished-at="2022-05-24T13:09:59 EET" duration-ms="216" status="PASS">
          <params>
            <param index="0">
              <value>
                <![CDATA[[TestResult name=Cookies_Carina status=SUCCESS method=Cookies.Cookies_Carina()[pri:0, instance:Pages.Cookies@14cd1699] output={null}]]]>
              </value>
            </param>
          </params>
          <reporter-output>
          </reporter-output>
        </test-method> <!-- quit -->
        <test-method is-config="true" signature="open_URL()[pri:0, instance:Pages.Cookies@14cd1699]" started-at="2022-05-24T13:09:59 EET" name="open_URL" finished-at="2022-05-24T13:10:00 EET" duration-ms="1209" status="PASS">
          <reporter-output>
          </reporter-output>
        </test-method> <!-- open_URL -->
        <test-method signature="Cookies_Entertainer()[pri:0, instance:Pages.Cookies@14cd1699]" started-at="2022-05-24T13:10:00 EET" name="Cookies_Entertainer" finished-at="2022-05-24T13:10:14 EET" duration-ms="14169" status="PASS">
          <reporter-output>
          </reporter-output>
        </test-method> <!-- Cookies_Entertainer -->
        <test-method is-config="true" signature="quit(org.testng.ITestResult)[pri:0, instance:Pages.Cookies@14cd1699]" started-at="2022-05-24T13:10:14 EET" name="quit" finished-at="2022-05-24T13:10:15 EET" duration-ms="213" status="PASS">
          <params>
            <param index="0">
              <value>
                <![CDATA[[TestResult name=Cookies_Entertainer status=SUCCESS method=Cookies.Cookies_Entertainer()[pri:0, instance:Pages.Cookies@14cd1699] output={null}]]]>
              </value>
            </param>
          </params>
          <reporter-output>
          </reporter-output>
        </test-method> <!-- quit -->
        <test-method is-config="true" signature="open_URL()[pri:0, instance:Pages.Cookies@14cd1699]" started-at="2022-05-24T13:10:15 EET" name="open_URL" finished-at="2022-05-24T13:10:16 EET" duration-ms="1299" status="PASS">
          <reporter-output>
          </reporter-output>
        </test-method> <!-- open_URL -->
        <test-method signature="Cookies_alsharifbeaute()[pri:0, instance:Pages.Cookies@14cd1699]" started-at="2022-05-24T13:10:16 EET" name="Cookies_alsharifbeaute" finished-at="2022-05-24T13:10:29 EET" duration-ms="13390" status="PASS">
          <reporter-output>
          </reporter-output>
        </test-method> <!-- Cookies_alsharifbeaute -->
        <test-method is-config="true" signature="quit(org.testng.ITestResult)[pri:0, instance:Pages.Cookies@14cd1699]" started-at="2022-05-24T13:10:29 EET" name="quit" finished-at="2022-05-24T13:10:29 EET" duration-ms="249" status="PASS">
          <params>
            <param index="0">
              <value>
                <![CDATA[[TestResult name=Cookies_alsharifbeaute status=SUCCESS method=Cookies.Cookies_alsharifbeaute()[pri:0, instance:Pages.Cookies@14cd1699] output={null}]]]>
              </value>
            </param>
          </params>
          <reporter-output>
          </reporter-output>
        </test-method> <!-- quit -->
        <test-method is-config="true" signature="open_URL()[pri:0, instance:Pages.Cookies@14cd1699]" started-at="2022-05-24T13:10:29 EET" name="open_URL" finished-at="2022-05-24T13:10:31 EET" duration-ms="1273" status="PASS">
          <reporter-output>
          </reporter-output>
        </test-method> <!-- open_URL -->
        <test-method signature="Cookies_cdejewelry()[pri:0, instance:Pages.Cookies@14cd1699]" started-at="2022-05-24T13:10:31 EET" name="Cookies_cdejewelry" finished-at="2022-05-24T13:11:02 EET" duration-ms="31302" status="PASS">
          <reporter-output>
          </reporter-output>
        </test-method> <!-- Cookies_cdejewelry -->
        <test-method is-config="true" signature="quit(org.testng.ITestResult)[pri:0, instance:Pages.Cookies@14cd1699]" started-at="2022-05-24T13:11:02 EET" name="quit" finished-at="2022-05-24T13:11:02 EET" duration-ms="241" status="PASS">
          <params>
            <param index="0">
              <value>
                <![CDATA[[TestResult name=Cookies_cdejewelry status=SUCCESS method=Cookies.Cookies_cdejewelry()[pri:0, instance:Pages.Cookies@14cd1699] output={null}]]]>
              </value>
            </param>
          </params>
          <reporter-output>
          </reporter-output>
        </test-method> <!-- quit -->
        <test-method is-config="true" signature="open_URL()[pri:0, instance:Pages.Cookies@14cd1699]" started-at="2022-05-24T13:11:02 EET" name="open_URL" finished-at="2022-05-24T13:11:03 EET" duration-ms="1216" status="PASS">
          <reporter-output>
          </reporter-output>
        </test-method> <!-- open_URL -->
        <test-method signature="Cookies_footcourt()[pri:0, instance:Pages.Cookies@14cd1699]" started-at="2022-05-24T13:11:03 EET" name="Cookies_footcourt" finished-at="2022-05-24T13:11:16 EET" duration-ms="12397" status="PASS">
          <reporter-output>
          </reporter-output>
        </test-method> <!-- Cookies_footcourt -->
        <test-method is-config="true" signature="quit(org.testng.ITestResult)[pri:0, instance:Pages.Cookies@14cd1699]" started-at="2022-05-24T13:11:16 EET" name="quit" finished-at="2022-05-24T13:11:16 EET" duration-ms="267" status="PASS">
          <params>
            <param index="0">
              <value>
                <![CDATA[[TestResult name=Cookies_footcourt status=SUCCESS method=Cookies.Cookies_footcourt()[pri:0, instance:Pages.Cookies@14cd1699] output={null}]]]>
              </value>
            </param>
          </params>
          <reporter-output>
          </reporter-output>
        </test-method> <!-- quit -->
        <test-method is-config="true" signature="open_URL()[pri:0, instance:Pages.Cookies@14cd1699]" started-at="2022-05-24T13:11:16 EET" name="open_URL" finished-at="2022-05-24T13:11:18 EET" duration-ms="1357" status="PASS">
          <reporter-output>
          </reporter-output>
        </test-method> <!-- open_URL -->
        <test-method signature="Cookies_magmasport()[pri:0, instance:Pages.Cookies@14cd1699]" started-at="2022-05-24T13:11:18 EET" name="Cookies_magmasport" finished-at="2022-05-24T13:11:36 EET" duration-ms="18887" status="PASS">
          <reporter-output>
          </reporter-output>
        </test-method> <!-- Cookies_magmasport -->
        <test-method is-config="true" signature="quit(org.testng.ITestResult)[pri:0, instance:Pages.Cookies@14cd1699]" started-at="2022-05-24T13:11:36 EET" name="quit" finished-at="2022-05-24T13:11:37 EET" duration-ms="186" status="PASS">
          <params>
            <param index="0">
              <value>
                <![CDATA[[TestResult name=Cookies_magmasport status=SUCCESS method=Cookies.Cookies_magmasport()[pri:0, instance:Pages.Cookies@14cd1699] output={null}]]]>
              </value>
            </param>
          </params>
          <reporter-output>
          </reporter-output>
        </test-method> <!-- quit -->
        <test-method is-config="true" signature="open_URL()[pri:0, instance:Pages.Cookies@14cd1699]" started-at="2022-05-24T13:11:37 EET" name="open_URL" finished-at="2022-05-24T13:11:38 EET" duration-ms="1163" status="PASS">
          <reporter-output>
          </reporter-output>
        </test-method> <!-- open_URL -->
        <test-method signature="Cookies_melouk()[pri:0, instance:Pages.Cookies@14cd1699]" started-at="2022-05-24T13:11:38 EET" name="Cookies_melouk" finished-at="2022-05-24T13:11:49 EET" duration-ms="10806" status="PASS">
          <reporter-output>
          </reporter-output>
        </test-method> <!-- Cookies_melouk -->
        <test-method is-config="true" signature="quit(org.testng.ITestResult)[pri:0, instance:Pages.Cookies@14cd1699]" started-at="2022-05-24T13:11:49 EET" name="quit" finished-at="2022-05-24T13:11:49 EET" duration-ms="249" status="PASS">
          <params>
            <param index="0">
              <value>
                <![CDATA[[TestResult name=Cookies_melouk status=SUCCESS method=Cookies.Cookies_melouk()[pri:0, instance:Pages.Cookies@14cd1699] output={null}]]]>
              </value>
            </param>
          </params>
          <reporter-output>
          </reporter-output>
        </test-method> <!-- quit -->
        <test-method is-config="true" signature="open_URL()[pri:0, instance:Pages.Cookies@14cd1699]" started-at="2022-05-24T13:11:49 EET" name="open_URL" finished-at="2022-05-24T13:11:50 EET" duration-ms="1164" status="PASS">
          <reporter-output>
          </reporter-output>
        </test-method> <!-- open_URL -->
        <test-method signature="Cookies_msou()[pri:0, instance:Pages.Cookies@14cd1699]" started-at="2022-05-24T13:11:50 EET" name="Cookies_msou" finished-at="2022-05-24T13:12:04 EET" duration-ms="14339" status="PASS">
          <reporter-output>
          </reporter-output>
        </test-method> <!-- Cookies_msou -->
        <test-method is-config="true" signature="quit(org.testng.ITestResult)[pri:0, instance:Pages.Cookies@14cd1699]" started-at="2022-05-24T13:12:04 EET" name="quit" finished-at="2022-05-24T13:12:05 EET" duration-ms="257" status="PASS">
          <params>
            <param index="0">
              <value>
                <![CDATA[[TestResult name=Cookies_msou status=SUCCESS method=Cookies.Cookies_msou()[pri:0, instance:Pages.Cookies@14cd1699] output={null}]]]>
              </value>
            </param>
          </params>
          <reporter-output>
          </reporter-output>
        </test-method> <!-- quit -->
        <test-method is-config="true" signature="open_URL()[pri:0, instance:Pages.Cookies@14cd1699]" started-at="2022-05-24T13:12:05 EET" name="open_URL" finished-at="2022-05-24T13:12:06 EET" duration-ms="1318" status="PASS">
          <reporter-output>
          </reporter-output>
        </test-method> <!-- open_URL -->
        <test-method signature="Cookies_olife()[pri:0, instance:Pages.Cookies@14cd1699]" started-at="2022-05-24T13:12:06 EET" name="Cookies_olife" finished-at="2022-05-24T13:12:21 EET" duration-ms="15204" status="PASS">
          <reporter-output>
          </reporter-output>
        </test-method> <!-- Cookies_olife -->
        <test-method is-config="true" signature="quit(org.testng.ITestResult)[pri:0, instance:Pages.Cookies@14cd1699]" started-at="2022-05-24T13:12:21 EET" name="quit" finished-at="2022-05-24T13:12:21 EET" duration-ms="227" status="PASS">
          <params>
            <param index="0">
              <value>
                <![CDATA[[TestResult name=Cookies_olife status=SUCCESS method=Cookies.Cookies_olife()[pri:0, instance:Pages.Cookies@14cd1699] output={null}]]]>
              </value>
            </param>
          </params>
          <reporter-output>
          </reporter-output>
        </test-method> <!-- quit -->
      </class> <!-- Pages.Cookies -->
      <class name="Pages.EditOrder_In_TFK">
        <test-method is-config="true" signature="open_URL()[pri:0, instance:Pages.EditOrder_In_TFK@77888435]" started-at="2022-05-24T13:12:21 EET" name="open_URL" finished-at="2022-05-24T13:12:35 EET" duration-ms="14169" status="PASS">
          <reporter-output>
          </reporter-output>
        </test-method> <!-- open_URL -->
        <test-method signature="CheckThat_OrderID_Disabled()[pri:0, instance:Pages.EditOrder_In_TFK@77888435]" started-at="2022-05-24T13:12:35 EET" name="CheckThat_OrderID_Disabled" finished-at="2022-05-24T13:12:36 EET" duration-ms="30" status="PASS">
          <reporter-output>
          </reporter-output>
        </test-method> <!-- CheckThat_OrderID_Disabled -->
        <test-method is-config="true" signature="quit(org.testng.ITestResult)[pri:0, instance:Pages.EditOrder_In_TFK@77888435]" started-at="2022-05-24T13:12:36 EET" name="quit" finished-at="2022-05-24T13:12:36 EET" duration-ms="131" status="PASS">
          <params>
            <param index="0">
              <value>
                <![CDATA[[TestResult name=CheckThat_OrderID_Disabled status=SUCCESS method=EditOrder_In_TFK.CheckThat_OrderID_Disabled()[pri:0, instance:Pages.EditOrder_In_TFK@77888435] output={null}]]]>
              </value>
            </param>
          </params>
          <reporter-output>
          </reporter-output>
        </test-method> <!-- quit -->
        <test-method is-config="true" signature="open_URL()[pri:0, instance:Pages.EditOrder_In_TFK@77888435]" started-at="2022-05-24T13:12:36 EET" name="open_URL" finished-at="2022-05-24T13:12:51 EET" duration-ms="15671" status="PASS">
          <reporter-output>
          </reporter-output>
        </test-method> <!-- open_URL -->
        <test-method signature="ValidData_WithInsert_NegativeNumber_In_OrderCommission()[pri:0, instance:Pages.EditOrder_In_TFK@77888435]" started-at="2022-05-24T13:12:51 EET" name="ValidData_WithInsert_NegativeNumber_In_OrderCommission" finished-at="2022-05-24T13:12:52 EET" duration-ms="679" status="PASS">
          <reporter-output>
          </reporter-output>
        </test-method> <!-- ValidData_WithInsert_NegativeNumber_In_OrderCommission -->
        <test-method is-config="true" signature="quit(org.testng.ITestResult)[pri:0, instance:Pages.EditOrder_In_TFK@77888435]" started-at="2022-05-24T13:12:52 EET" name="quit" finished-at="2022-05-24T13:12:52 EET" duration-ms="106" status="PASS">
          <params>
            <param index="0">
              <value>
                <![CDATA[[TestResult name=ValidData_WithInsert_NegativeNumber_In_OrderCommission status=SUCCESS method=EditOrder_In_TFK.ValidData_WithInsert_NegativeNumber_In_OrderCommission()[pri:0, instance:Pages.EditOrder_In_TFK@77888435] output={null}]]]>
              </value>
            </param>
          </params>
          <reporter-output>
          </reporter-output>
        </test-method> <!-- quit -->
        <test-method is-config="true" signature="open_URL()[pri:0, instance:Pages.EditOrder_In_TFK@77888435]" started-at="2022-05-24T13:12:52 EET" name="open_URL" finished-at="2022-05-24T13:13:03 EET" duration-ms="11264" status="PASS">
          <reporter-output>
          </reporter-output>
        </test-method> <!-- open_URL -->
        <test-method signature="ValidData_WithInsert_NegativeNumber_In_OrderDiscount()[pri:0, instance:Pages.EditOrder_In_TFK@77888435]" started-at="2022-05-24T13:13:03 EET" name="ValidData_WithInsert_NegativeNumber_In_OrderDiscount" finished-at="2022-05-24T13:13:04 EET" duration-ms="1071" status="PASS">
          <reporter-output>
          </reporter-output>
        </test-method> <!-- ValidData_WithInsert_NegativeNumber_In_OrderDiscount -->
        <test-method is-config="true" signature="quit(org.testng.ITestResult)[pri:0, instance:Pages.EditOrder_In_TFK@77888435]" started-at="2022-05-24T13:13:04 EET" name="quit" finished-at="2022-05-24T13:13:05 EET" duration-ms="196" status="PASS">
          <params>
            <param index="0">
              <value>
                <![CDATA[[TestResult name=ValidData_WithInsert_NegativeNumber_In_OrderDiscount status=SUCCESS method=EditOrder_In_TFK.ValidData_WithInsert_NegativeNumber_In_OrderDiscount()[pri:0, instance:Pages.EditOrder_In_TFK@77888435] output={null}]]]>
              </value>
            </param>
          </params>
          <reporter-output>
          </reporter-output>
        </test-method> <!-- quit -->
        <test-method is-config="true" signature="open_URL()[pri:0, instance:Pages.EditOrder_In_TFK@77888435]" started-at="2022-05-24T13:13:05 EET" name="open_URL" finished-at="2022-05-24T13:13:20 EET" duration-ms="15670" status="PASS">
          <reporter-output>
          </reporter-output>
        </test-method> <!-- open_URL -->
        <test-method signature="ValidData_WithInsert_NegativeNumber_In_OrderNet()[pri:0, instance:Pages.EditOrder_In_TFK@77888435]" started-at="2022-05-24T13:13:20 EET" name="ValidData_WithInsert_NegativeNumber_In_OrderNet" finished-at="2022-05-24T13:13:21 EET" duration-ms="772" status="PASS">
          <reporter-output>
          </reporter-output>
        </test-method> <!-- ValidData_WithInsert_NegativeNumber_In_OrderNet -->
        <test-method is-config="true" signature="quit(org.testng.ITestResult)[pri:0, instance:Pages.EditOrder_In_TFK@77888435]" started-at="2022-05-24T13:13:21 EET" name="quit" finished-at="2022-05-24T13:13:21 EET" duration-ms="128" status="PASS">
          <params>
            <param index="0">
              <value>
                <![CDATA[[TestResult name=ValidData_WithInsert_NegativeNumber_In_OrderNet status=SUCCESS method=EditOrder_In_TFK.ValidData_WithInsert_NegativeNumber_In_OrderNet()[pri:0, instance:Pages.EditOrder_In_TFK@77888435] output={null}]]]>
              </value>
            </param>
          </params>
          <reporter-output>
          </reporter-output>
        </test-method> <!-- quit -->
        <test-method is-config="true" signature="open_URL()[pri:0, instance:Pages.EditOrder_In_TFK@77888435]" started-at="2022-05-24T13:13:21 EET" name="open_URL" finished-at="2022-05-24T13:13:35 EET" duration-ms="13841" status="PASS">
          <reporter-output>
          </reporter-output>
        </test-method> <!-- open_URL -->
        <test-method signature="ValidData_WithInsert_NegativeNumber_In_OrderShipping()[pri:0, instance:Pages.EditOrder_In_TFK@77888435]" started-at="2022-05-24T13:13:35 EET" name="ValidData_WithInsert_NegativeNumber_In_OrderShipping" finished-at="2022-05-24T13:13:36 EET" duration-ms="759" status="PASS">
          <reporter-output>
          </reporter-output>
        </test-method> <!-- ValidData_WithInsert_NegativeNumber_In_OrderShipping -->
        <test-method is-config="true" signature="quit(org.testng.ITestResult)[pri:0, instance:Pages.EditOrder_In_TFK@77888435]" started-at="2022-05-24T13:13:36 EET" name="quit" finished-at="2022-05-24T13:13:36 EET" duration-ms="87" status="PASS">
          <params>
            <param index="0">
              <value>
                <![CDATA[[TestResult name=ValidData_WithInsert_NegativeNumber_In_OrderShipping status=SUCCESS method=EditOrder_In_TFK.ValidData_WithInsert_NegativeNumber_In_OrderShipping()[pri:0, instance:Pages.EditOrder_In_TFK@77888435] output={null}]]]>
              </value>
            </param>
          </params>
          <reporter-output>
          </reporter-output>
        </test-method> <!-- quit -->
        <test-method is-config="true" signature="open_URL()[pri:0, instance:Pages.EditOrder_In_TFK@77888435]" started-at="2022-05-24T13:13:36 EET" name="open_URL" finished-at="2022-05-24T13:13:48 EET" duration-ms="12374" status="PASS">
          <reporter-output>
          </reporter-output>
        </test-method> <!-- open_URL -->
        <test-method signature="ValidData_WithInsert_NegativeNumber_In_OrderTax()[pri:0, instance:Pages.EditOrder_In_TFK@77888435]" started-at="2022-05-24T13:13:48 EET" name="ValidData_WithInsert_NegativeNumber_In_OrderTax" finished-at="2022-05-24T13:13:49 EET" duration-ms="746" status="PASS">
          <reporter-output>
          </reporter-output>
        </test-method> <!-- ValidData_WithInsert_NegativeNumber_In_OrderTax -->
        <test-method is-config="true" signature="quit(org.testng.ITestResult)[pri:0, instance:Pages.EditOrder_In_TFK@77888435]" started-at="2022-05-24T13:13:49 EET" name="quit" finished-at="2022-05-24T13:13:49 EET" duration-ms="80" status="PASS">
          <params>
            <param index="0">
              <value>
                <![CDATA[[TestResult name=ValidData_WithInsert_NegativeNumber_In_OrderTax status=SUCCESS method=EditOrder_In_TFK.ValidData_WithInsert_NegativeNumber_In_OrderTax()[pri:0, instance:Pages.EditOrder_In_TFK@77888435] output={null}]]]>
              </value>
            </param>
          </params>
          <reporter-output>
          </reporter-output>
        </test-method> <!-- quit -->
        <test-method is-config="true" signature="open_URL()[pri:0, instance:Pages.EditOrder_In_TFK@77888435]" started-at="2022-05-24T13:13:49 EET" name="open_URL" finished-at="2022-05-24T13:14:01 EET" duration-ms="12117" status="PASS">
          <reporter-output>
          </reporter-output>
        </test-method> <!-- open_URL -->
        <test-method signature="ValidData_WithInsert_NegativeNumber_In_OrderTotal()[pri:0, instance:Pages.EditOrder_In_TFK@77888435]" started-at="2022-05-24T13:14:01 EET" name="ValidData_WithInsert_NegativeNumber_In_OrderTotal" finished-at="2022-05-24T13:14:02 EET" duration-ms="739" status="PASS">
          <reporter-output>
          </reporter-output>
        </test-method> <!-- ValidData_WithInsert_NegativeNumber_In_OrderTotal -->
        <test-method is-config="true" signature="quit(org.testng.ITestResult)[pri:0, instance:Pages.EditOrder_In_TFK@77888435]" started-at="2022-05-24T13:14:02 EET" name="quit" finished-at="2022-05-24T13:14:02 EET" duration-ms="102" status="PASS">
          <params>
            <param index="0">
              <value>
                <![CDATA[[TestResult name=ValidData_WithInsert_NegativeNumber_In_OrderTotal status=SUCCESS method=EditOrder_In_TFK.ValidData_WithInsert_NegativeNumber_In_OrderTotal()[pri:0, instance:Pages.EditOrder_In_TFK@77888435] output={null}]]]>
              </value>
            </param>
          </params>
          <reporter-output>
          </reporter-output>
        </test-method> <!-- quit -->
        <test-method is-config="true" signature="open_URL()[pri:0, instance:Pages.EditOrder_In_TFK@77888435]" started-at="2022-05-24T13:14:02 EET" name="open_URL" finished-at="2022-05-24T13:14:22 EET" duration-ms="19926" status="PASS">
          <reporter-output>
          </reporter-output>
        </test-method> <!-- open_URL -->
        <test-method signature="ValidData_WithInsert_OrderCommission_GreaterThan_OrderNet()[pri:0, instance:Pages.EditOrder_In_TFK@77888435]" started-at="2022-05-24T13:14:22 EET" name="ValidData_WithInsert_OrderCommission_GreaterThan_OrderNet" finished-at="2022-05-24T13:14:33 EET" duration-ms="10702" status="PASS">
          <reporter-output>
          </reporter-output>
        </test-method> <!-- ValidData_WithInsert_OrderCommission_GreaterThan_OrderNet -->
        <test-method is-config="true" signature="quit(org.testng.ITestResult)[pri:0, instance:Pages.EditOrder_In_TFK@77888435]" started-at="2022-05-24T13:14:33 EET" name="quit" finished-at="2022-05-24T13:14:33 EET" duration-ms="86" status="PASS">
          <params>
            <param index="0">
              <value>
                <![CDATA[[TestResult name=ValidData_WithInsert_OrderCommission_GreaterThan_OrderNet status=SUCCESS method=EditOrder_In_TFK.ValidData_WithInsert_OrderCommission_GreaterThan_OrderNet()[pri:0, instance:Pages.EditOrder_In_TFK@77888435] output={null}]]]>
              </value>
            </param>
          </params>
          <reporter-output>
          </reporter-output>
        </test-method> <!-- quit -->
        <test-method is-config="true" signature="open_URL()[pri:0, instance:Pages.EditOrder_In_TFK@77888435]" started-at="2022-05-24T13:14:33 EET" name="open_URL" finished-at="2022-05-24T13:14:46 EET" duration-ms="13309" status="PASS">
          <reporter-output>
          </reporter-output>
        </test-method> <!-- open_URL -->
        <test-method signature="ValidData_WithInsert_OrderCommission_GreaterThan_OrderTotal()[pri:0, instance:Pages.EditOrder_In_TFK@77888435]" started-at="2022-05-24T13:14:46 EET" name="ValidData_WithInsert_OrderCommission_GreaterThan_OrderTotal" finished-at="2022-05-24T13:14:57 EET" duration-ms="10793" status="PASS">
          <reporter-output>
          </reporter-output>
        </test-method> <!-- ValidData_WithInsert_OrderCommission_GreaterThan_OrderTotal -->
        <test-method is-config="true" signature="quit(org.testng.ITestResult)[pri:0, instance:Pages.EditOrder_In_TFK@77888435]" started-at="2022-05-24T13:14:57 EET" name="quit" finished-at="2022-05-24T13:14:57 EET" duration-ms="93" status="PASS">
          <params>
            <param index="0">
              <value>
                <![CDATA[[TestResult name=ValidData_WithInsert_OrderCommission_GreaterThan_OrderTotal status=SUCCESS method=EditOrder_In_TFK.ValidData_WithInsert_OrderCommission_GreaterThan_OrderTotal()[pri:0, instance:Pages.EditOrder_In_TFK@77888435] output={null}]]]>
              </value>
            </param>
          </params>
          <reporter-output>
          </reporter-output>
        </test-method> <!-- quit -->
        <test-method is-config="true" signature="open_URL()[pri:0, instance:Pages.EditOrder_In_TFK@77888435]" started-at="2022-05-24T13:14:57 EET" name="open_URL" finished-at="2022-05-24T13:15:10 EET" duration-ms="12659" status="PASS">
          <reporter-output>
          </reporter-output>
        </test-method> <!-- open_URL -->
        <test-method signature="ValidData_WithInsert_OrderDiscount_GreaterThan_OrderNet()[pri:0, instance:Pages.EditOrder_In_TFK@77888435]" started-at="2022-05-24T13:15:10 EET" name="ValidData_WithInsert_OrderDiscount_GreaterThan_OrderNet" finished-at="2022-05-24T13:15:20 EET" duration-ms="10410" status="PASS">
          <reporter-output>
          </reporter-output>
        </test-method> <!-- ValidData_WithInsert_OrderDiscount_GreaterThan_OrderNet -->
        <test-method is-config="true" signature="quit(org.testng.ITestResult)[pri:0, instance:Pages.EditOrder_In_TFK@77888435]" started-at="2022-05-24T13:15:20 EET" name="quit" finished-at="2022-05-24T13:15:20 EET" duration-ms="83" status="PASS">
          <params>
            <param index="0">
              <value>
                <![CDATA[[TestResult name=ValidData_WithInsert_OrderDiscount_GreaterThan_OrderNet status=SUCCESS method=EditOrder_In_TFK.ValidData_WithInsert_OrderDiscount_GreaterThan_OrderNet()[pri:0, instance:Pages.EditOrder_In_TFK@77888435] output={null}]]]>
              </value>
            </param>
          </params>
          <reporter-output>
          </reporter-output>
        </test-method> <!-- quit -->
        <test-method is-config="true" signature="open_URL()[pri:0, instance:Pages.EditOrder_In_TFK@77888435]" started-at="2022-05-24T13:15:20 EET" name="open_URL" finished-at="2022-05-24T13:15:34 EET" duration-ms="14082" status="PASS">
          <reporter-output>
          </reporter-output>
        </test-method> <!-- open_URL -->
        <test-method signature="ValidData_WithInsert_OrderDiscount_GreaterThan_OrderTotal()[pri:0, instance:Pages.EditOrder_In_TFK@77888435]" started-at="2022-05-24T13:15:34 EET" name="ValidData_WithInsert_OrderDiscount_GreaterThan_OrderTotal" finished-at="2022-05-24T13:15:45 EET" duration-ms="10737" status="PASS">
          <reporter-output>
          </reporter-output>
        </test-method> <!-- ValidData_WithInsert_OrderDiscount_GreaterThan_OrderTotal -->
        <test-method is-config="true" signature="quit(org.testng.ITestResult)[pri:0, instance:Pages.EditOrder_In_TFK@77888435]" started-at="2022-05-24T13:15:45 EET" name="quit" finished-at="2022-05-24T13:15:45 EET" duration-ms="84" status="PASS">
          <params>
            <param index="0">
              <value>
                <![CDATA[[TestResult name=ValidData_WithInsert_OrderDiscount_GreaterThan_OrderTotal status=SUCCESS method=EditOrder_In_TFK.ValidData_WithInsert_OrderDiscount_GreaterThan_OrderTotal()[pri:0, instance:Pages.EditOrder_In_TFK@77888435] output={null}]]]>
              </value>
            </param>
          </params>
          <reporter-output>
          </reporter-output>
        </test-method> <!-- quit -->
        <test-method is-config="true" signature="open_URL()[pri:0, instance:Pages.EditOrder_In_TFK@77888435]" started-at="2022-05-24T13:15:45 EET" name="open_URL" finished-at="2022-05-24T13:15:57 EET" duration-ms="12152" status="PASS">
          <reporter-output>
          </reporter-output>
        </test-method> <!-- open_URL -->
        <test-method signature="ValidData_WithInsert_OrderNet_GreaterThan_OrderTotal()[pri:0, instance:Pages.EditOrder_In_TFK@77888435]" started-at="2022-05-24T13:15:57 EET" name="ValidData_WithInsert_OrderNet_GreaterThan_OrderTotal" finished-at="2022-05-24T13:16:08 EET" duration-ms="10366" status="PASS">
          <reporter-output>
          </reporter-output>
        </test-method> <!-- ValidData_WithInsert_OrderNet_GreaterThan_OrderTotal -->
        <test-method is-config="true" signature="quit(org.testng.ITestResult)[pri:0, instance:Pages.EditOrder_In_TFK@77888435]" started-at="2022-05-24T13:16:08 EET" name="quit" finished-at="2022-05-24T13:16:08 EET" duration-ms="101" status="PASS">
          <params>
            <param index="0">
              <value>
                <![CDATA[[TestResult name=ValidData_WithInsert_OrderNet_GreaterThan_OrderTotal status=SUCCESS method=EditOrder_In_TFK.ValidData_WithInsert_OrderNet_GreaterThan_OrderTotal()[pri:0, instance:Pages.EditOrder_In_TFK@77888435] output={null}]]]>
              </value>
            </param>
          </params>
          <reporter-output>
          </reporter-output>
        </test-method> <!-- quit -->
        <test-method is-config="true" signature="open_URL()[pri:0, instance:Pages.EditOrder_In_TFK@77888435]" started-at="2022-05-24T13:16:08 EET" name="open_URL" finished-at="2022-05-24T13:16:22 EET" duration-ms="14688" status="PASS">
          <reporter-output>
          </reporter-output>
        </test-method> <!-- open_URL -->
        <test-method signature="ValidData_WithInsert_OrderShipping_GreaterThan_OrderNet()[pri:0, instance:Pages.EditOrder_In_TFK@77888435]" started-at="2022-05-24T13:16:22 EET" name="ValidData_WithInsert_OrderShipping_GreaterThan_OrderNet" finished-at="2022-05-24T13:16:33 EET" duration-ms="10546" status="PASS">
          <reporter-output>
          </reporter-output>
        </test-method> <!-- ValidData_WithInsert_OrderShipping_GreaterThan_OrderNet -->
        <test-method is-config="true" signature="quit(org.testng.ITestResult)[pri:0, instance:Pages.EditOrder_In_TFK@77888435]" started-at="2022-05-24T13:16:33 EET" name="quit" finished-at="2022-05-24T13:16:33 EET" duration-ms="80" status="PASS">
          <params>
            <param index="0">
              <value>
                <![CDATA[[TestResult name=ValidData_WithInsert_OrderShipping_GreaterThan_OrderNet status=SUCCESS method=EditOrder_In_TFK.ValidData_WithInsert_OrderShipping_GreaterThan_OrderNet()[pri:0, instance:Pages.EditOrder_In_TFK@77888435] output={null}]]]>
              </value>
            </param>
          </params>
          <reporter-output>
          </reporter-output>
        </test-method> <!-- quit -->
        <test-method is-config="true" signature="open_URL()[pri:0, instance:Pages.EditOrder_In_TFK@77888435]" started-at="2022-05-24T13:16:33 EET" name="open_URL" finished-at="2022-05-24T13:16:44 EET" duration-ms="11428" status="PASS">
          <reporter-output>
          </reporter-output>
        </test-method> <!-- open_URL -->
        <test-method signature="ValidData_WithInsert_OrderShipping_GreaterThan_OrderTotal()[pri:0, instance:Pages.EditOrder_In_TFK@77888435]" started-at="2022-05-24T13:16:44 EET" name="ValidData_WithInsert_OrderShipping_GreaterThan_OrderTotal" finished-at="2022-05-24T13:16:55 EET" duration-ms="10528" status="PASS">
          <reporter-output>
          </reporter-output>
        </test-method> <!-- ValidData_WithInsert_OrderShipping_GreaterThan_OrderTotal -->
        <test-method is-config="true" signature="quit(org.testng.ITestResult)[pri:0, instance:Pages.EditOrder_In_TFK@77888435]" started-at="2022-05-24T13:16:55 EET" name="quit" finished-at="2022-05-24T13:16:55 EET" duration-ms="101" status="PASS">
          <params>
            <param index="0">
              <value>
                <![CDATA[[TestResult name=ValidData_WithInsert_OrderShipping_GreaterThan_OrderTotal status=SUCCESS method=EditOrder_In_TFK.ValidData_WithInsert_OrderShipping_GreaterThan_OrderTotal()[pri:0, instance:Pages.EditOrder_In_TFK@77888435] output={null}]]]>
              </value>
            </param>
          </params>
          <reporter-output>
          </reporter-output>
        </test-method> <!-- quit -->
        <test-method is-config="true" signature="open_URL()[pri:0, instance:Pages.EditOrder_In_TFK@77888435]" started-at="2022-05-24T13:16:55 EET" name="open_URL" finished-at="2022-05-24T13:17:09 EET" duration-ms="14456" status="PASS">
          <reporter-output>
          </reporter-output>
        </test-method> <!-- open_URL -->
        <test-method signature="ValidData_WithInsert_OrderTax_GreaterThan_OrderNet()[pri:0, instance:Pages.EditOrder_In_TFK@77888435]" started-at="2022-05-24T13:17:09 EET" name="ValidData_WithInsert_OrderTax_GreaterThan_OrderNet" finished-at="2022-05-24T13:17:20 EET" duration-ms="10873" status="PASS">
          <reporter-output>
          </reporter-output>
        </test-method> <!-- ValidData_WithInsert_OrderTax_GreaterThan_OrderNet -->
        <test-method is-config="true" signature="quit(org.testng.ITestResult)[pri:0, instance:Pages.EditOrder_In_TFK@77888435]" started-at="2022-05-24T13:17:20 EET" name="quit" finished-at="2022-05-24T13:17:20 EET" duration-ms="82" status="PASS">
          <params>
            <param index="0">
              <value>
                <![CDATA[[TestResult name=ValidData_WithInsert_OrderTax_GreaterThan_OrderNet status=SUCCESS method=EditOrder_In_TFK.ValidData_WithInsert_OrderTax_GreaterThan_OrderNet()[pri:0, instance:Pages.EditOrder_In_TFK@77888435] output={null}]]]>
              </value>
            </param>
          </params>
          <reporter-output>
          </reporter-output>
        </test-method> <!-- quit -->
        <test-method is-config="true" signature="open_URL()[pri:0, instance:Pages.EditOrder_In_TFK@77888435]" started-at="2022-05-24T13:17:20 EET" name="open_URL" finished-at="2022-05-24T13:17:33 EET" duration-ms="12143" status="PASS">
          <reporter-output>
          </reporter-output>
        </test-method> <!-- open_URL -->
        <test-method signature="ValidData_WithInsert_OrderTax_GreaterThan_OrderTotal()[pri:0, instance:Pages.EditOrder_In_TFK@77888435]" started-at="2022-05-24T13:17:33 EET" name="ValidData_WithInsert_OrderTax_GreaterThan_OrderTotal" finished-at="2022-05-24T13:17:43 EET" duration-ms="10422" status="PASS">
          <reporter-output>
          </reporter-output>
        </test-method> <!-- ValidData_WithInsert_OrderTax_GreaterThan_OrderTotal -->
        <test-method is-config="true" signature="quit(org.testng.ITestResult)[pri:0, instance:Pages.EditOrder_In_TFK@77888435]" started-at="2022-05-24T13:17:43 EET" name="quit" finished-at="2022-05-24T13:17:43 EET" duration-ms="78" status="PASS">
          <params>
            <param index="0">
              <value>
                <![CDATA[[TestResult name=ValidData_WithInsert_OrderTax_GreaterThan_OrderTotal status=SUCCESS method=EditOrder_In_TFK.ValidData_WithInsert_OrderTax_GreaterThan_OrderTotal()[pri:0, instance:Pages.EditOrder_In_TFK@77888435] output={null}]]]>
              </value>
            </param>
          </params>
          <reporter-output>
          </reporter-output>
        </test-method> <!-- quit -->
        <test-method is-config="true" signature="open_URL()[pri:0, instance:Pages.EditOrder_In_TFK@77888435]" started-at="2022-05-24T13:17:43 EET" name="open_URL" finished-at="2022-05-24T13:17:55 EET" duration-ms="11624" status="PASS">
          <reporter-output>
          </reporter-output>
        </test-method> <!-- open_URL -->
        <test-method signature="ValidData_WithInsert_Zero_In_OrderCommission()[pri:0, instance:Pages.EditOrder_In_TFK@77888435]" started-at="2022-05-24T13:17:55 EET" name="ValidData_WithInsert_Zero_In_OrderCommission" finished-at="2022-05-24T13:18:05 EET" duration-ms="10482" status="PASS">
          <reporter-output>
          </reporter-output>
        </test-method> <!-- ValidData_WithInsert_Zero_In_OrderCommission -->
        <test-method is-config="true" signature="quit(org.testng.ITestResult)[pri:0, instance:Pages.EditOrder_In_TFK@77888435]" started-at="2022-05-24T13:18:05 EET" name="quit" finished-at="2022-05-24T13:18:05 EET" duration-ms="95" status="PASS">
          <params>
            <param index="0">
              <value>
                <![CDATA[[TestResult name=ValidData_WithInsert_Zero_In_OrderCommission status=SUCCESS method=EditOrder_In_TFK.ValidData_WithInsert_Zero_In_OrderCommission()[pri:0, instance:Pages.EditOrder_In_TFK@77888435] output={null}]]]>
              </value>
            </param>
          </params>
          <reporter-output>
          </reporter-output>
        </test-method> <!-- quit -->
        <test-method is-config="true" signature="open_URL()[pri:0, instance:Pages.EditOrder_In_TFK@77888435]" started-at="2022-05-24T13:18:05 EET" name="open_URL" finished-at="2022-05-24T13:18:17 EET" duration-ms="12010" status="PASS">
          <reporter-output>
          </reporter-output>
        </test-method> <!-- open_URL -->
        <test-method signature="ValidData_WithInsert_Zero_In_OrderDiscount()[pri:0, instance:Pages.EditOrder_In_TFK@77888435]" started-at="2022-05-24T13:18:17 EET" name="ValidData_WithInsert_Zero_In_OrderDiscount" finished-at="2022-05-24T13:18:28 EET" duration-ms="10459" status="PASS">
          <reporter-output>
          </reporter-output>
        </test-method> <!-- ValidData_WithInsert_Zero_In_OrderDiscount -->
        <test-method is-config="true" signature="quit(org.testng.ITestResult)[pri:0, instance:Pages.EditOrder_In_TFK@77888435]" started-at="2022-05-24T13:18:28 EET" name="quit" finished-at="2022-05-24T13:18:28 EET" duration-ms="104" status="PASS">
          <params>
            <param index="0">
              <value>
                <![CDATA[[TestResult name=ValidData_WithInsert_Zero_In_OrderDiscount status=SUCCESS method=EditOrder_In_TFK.ValidData_WithInsert_Zero_In_OrderDiscount()[pri:0, instance:Pages.EditOrder_In_TFK@77888435] output={null}]]]>
              </value>
            </param>
          </params>
          <reporter-output>
          </reporter-output>
        </test-method> <!-- quit -->
        <test-method is-config="true" signature="open_URL()[pri:0, instance:Pages.EditOrder_In_TFK@77888435]" started-at="2022-05-24T13:18:28 EET" name="open_URL" finished-at="2022-05-24T13:18:42 EET" duration-ms="13892" status="PASS">
          <reporter-output>
          </reporter-output>
        </test-method> <!-- open_URL -->
        <test-method signature="ValidData_WithInsert_Zero_In_OrderNet()[pri:0, instance:Pages.EditOrder_In_TFK@77888435]" started-at="2022-05-24T13:18:42 EET" name="ValidData_WithInsert_Zero_In_OrderNet" finished-at="2022-05-24T13:18:52 EET" duration-ms="10634" status="PASS">
          <reporter-output>
          </reporter-output>
        </test-method> <!-- ValidData_WithInsert_Zero_In_OrderNet -->
        <test-method is-config="true" signature="quit(org.testng.ITestResult)[pri:0, instance:Pages.EditOrder_In_TFK@77888435]" started-at="2022-05-24T13:18:52 EET" name="quit" finished-at="2022-05-24T13:18:52 EET" duration-ms="92" status="PASS">
          <params>
            <param index="0">
              <value>
                <![CDATA[[TestResult name=ValidData_WithInsert_Zero_In_OrderNet status=SUCCESS method=EditOrder_In_TFK.ValidData_WithInsert_Zero_In_OrderNet()[pri:0, instance:Pages.EditOrder_In_TFK@77888435] output={null}]]]>
              </value>
            </param>
          </params>
          <reporter-output>
          </reporter-output>
        </test-method> <!-- quit -->
        <test-method is-config="true" signature="open_URL()[pri:0, instance:Pages.EditOrder_In_TFK@77888435]" started-at="2022-05-24T13:18:52 EET" name="open_URL" finished-at="2022-05-24T13:19:08 EET" duration-ms="15555" status="PASS">
          <reporter-output>
          </reporter-output>
        </test-method> <!-- open_URL -->
        <test-method signature="ValidData_WithInsert_Zero_In_OrderShipping()[pri:0, instance:Pages.EditOrder_In_TFK@77888435]" started-at="2022-05-24T13:19:08 EET" name="ValidData_WithInsert_Zero_In_OrderShipping" finished-at="2022-05-24T13:19:19 EET" duration-ms="11152" status="PASS">
          <reporter-output>
          </reporter-output>
        </test-method> <!-- ValidData_WithInsert_Zero_In_OrderShipping -->
        <test-method is-config="true" signature="quit(org.testng.ITestResult)[pri:0, instance:Pages.EditOrder_In_TFK@77888435]" started-at="2022-05-24T13:19:19 EET" name="quit" finished-at="2022-05-24T13:19:19 EET" duration-ms="115" status="PASS">
          <params>
            <param index="0">
              <value>
                <![CDATA[[TestResult name=ValidData_WithInsert_Zero_In_OrderShipping status=SUCCESS method=EditOrder_In_TFK.ValidData_WithInsert_Zero_In_OrderShipping()[pri:0, instance:Pages.EditOrder_In_TFK@77888435] output={null}]]]>
              </value>
            </param>
          </params>
          <reporter-output>
          </reporter-output>
        </test-method> <!-- quit -->
        <test-method is-config="true" signature="open_URL()[pri:0, instance:Pages.EditOrder_In_TFK@77888435]" started-at="2022-05-24T13:19:19 EET" name="open_URL" finished-at="2022-05-24T13:19:35 EET" duration-ms="16022" status="PASS">
          <reporter-output>
          </reporter-output>
        </test-method> <!-- open_URL -->
        <test-method signature="ValidData_WithInsert_Zero_In_OrderTax()[pri:0, instance:Pages.EditOrder_In_TFK@77888435]" started-at="2022-05-24T13:19:35 EET" name="ValidData_WithInsert_Zero_In_OrderTax" finished-at="2022-05-24T13:19:47 EET" duration-ms="11804" status="PASS">
          <reporter-output>
          </reporter-output>
        </test-method> <!-- ValidData_WithInsert_Zero_In_OrderTax -->
        <test-method is-config="true" signature="quit(org.testng.ITestResult)[pri:0, instance:Pages.EditOrder_In_TFK@77888435]" started-at="2022-05-24T13:19:47 EET" name="quit" finished-at="2022-05-24T13:19:47 EET" duration-ms="108" status="PASS">
          <params>
            <param index="0">
              <value>
                <![CDATA[[TestResult name=ValidData_WithInsert_Zero_In_OrderTax status=SUCCESS method=EditOrder_In_TFK.ValidData_WithInsert_Zero_In_OrderTax()[pri:0, instance:Pages.EditOrder_In_TFK@77888435] output={null}]]]>
              </value>
            </param>
          </params>
          <reporter-output>
          </reporter-output>
        </test-method> <!-- quit -->
        <test-method is-config="true" signature="open_URL()[pri:0, instance:Pages.EditOrder_In_TFK@77888435]" started-at="2022-05-24T13:19:47 EET" name="open_URL" finished-at="2022-05-24T13:20:03 EET" duration-ms="15495" status="PASS">
          <reporter-output>
          </reporter-output>
        </test-method> <!-- open_URL -->
        <test-method signature="ValidData_With_Insert_Zero_In_OrderTotal()[pri:0, instance:Pages.EditOrder_In_TFK@77888435]" started-at="2022-05-24T13:20:03 EET" name="ValidData_With_Insert_Zero_In_OrderTotal" finished-at="2022-05-24T13:20:14 EET" duration-ms="11259" status="PASS">
          <reporter-output>
          </reporter-output>
        </test-method> <!-- ValidData_With_Insert_Zero_In_OrderTotal -->
        <test-method is-config="true" signature="quit(org.testng.ITestResult)[pri:0, instance:Pages.EditOrder_In_TFK@77888435]" started-at="2022-05-24T13:20:14 EET" name="quit" finished-at="2022-05-24T13:20:14 EET" duration-ms="157" status="PASS">
          <params>
            <param index="0">
              <value>
                <![CDATA[[TestResult name=ValidData_With_Insert_Zero_In_OrderTotal status=SUCCESS method=EditOrder_In_TFK.ValidData_With_Insert_Zero_In_OrderTotal()[pri:0, instance:Pages.EditOrder_In_TFK@77888435] output={null}]]]>
              </value>
            </param>
          </params>
          <reporter-output>
          </reporter-output>
        </test-method> <!-- quit -->
        <test-method is-config="true" signature="open_URL()[pri:0, instance:Pages.EditOrder_In_TFK@77888435]" started-at="2022-05-24T13:20:14 EET" name="open_URL" finished-at="2022-05-24T13:20:29 EET" duration-ms="15318" status="PASS">
          <reporter-output>
          </reporter-output>
        </test-method> <!-- open_URL -->
        <test-method signature="ValidData_Without_InsertData_In_OrderTotal()[pri:0, instance:Pages.EditOrder_In_TFK@77888435]" started-at="2022-05-24T13:20:29 EET" name="ValidData_Without_InsertData_In_OrderTotal" finished-at="2022-05-24T13:20:30 EET" duration-ms="940" status="PASS">
          <reporter-output>
          </reporter-output>
        </test-method> <!-- ValidData_Without_InsertData_In_OrderTotal -->
        <test-method is-config="true" signature="quit(org.testng.ITestResult)[pri:0, instance:Pages.EditOrder_In_TFK@77888435]" started-at="2022-05-24T13:20:30 EET" name="quit" finished-at="2022-05-24T13:20:31 EET" duration-ms="125" status="PASS">
          <params>
            <param index="0">
              <value>
                <![CDATA[[TestResult name=ValidData_Without_InsertData_In_OrderTotal status=SUCCESS method=EditOrder_In_TFK.ValidData_Without_InsertData_In_OrderTotal()[pri:0, instance:Pages.EditOrder_In_TFK@77888435] output={null}]]]>
              </value>
            </param>
          </params>
          <reporter-output>
          </reporter-output>
        </test-method> <!-- quit -->
[...]
        <test-method is-config="true" signature="open_URL()[pri:0, instance:Pages.Invoices@76505305]" started-at="2022-05-24T13:09:23 EET" name="open_URL" finished-at="2022-05-24T13:09:28 EET" duration-ms="5063" status="PASS">
          <reporter-output>
          </reporter-output>
        </test-method> <!-- open_URL -->
        <test-method signature="Pay_InvoiceWith_correctData_Buinsert_spacesInField_FirstName()[pri:0, instance:Pages.Invoices@76505305]" started-at="2022-05-24T13:09:28 EET" name="Pay_InvoiceWith_correctData_Buinsert_spacesInField_FirstName" finished-at="2022-05-24T13:09:33 EET" duration-ms="4166" status="PASS">
          <reporter-output>
          </reporter-output>
        </test-method> <!-- Pay_InvoiceWith_correctData_Buinsert_spacesInField_FirstName -->
        <test-method is-config="true" signature="quit(org.testng.ITestResult)[pri:0, instance:Pages.Invoices@76505305]" started-at="2022-05-24T13:09:33 EET" name="quit" finished-at="2022-05-24T13:09:33 EET" duration-ms="571" status="PASS">
          <params>
            <param index="0">
              <value>
                <![CDATA[[TestResult name=Pay_InvoiceWith_correctData_Buinsert_spacesInField_FirstName status=SUCCESS method=Invoices.Pay_InvoiceWith_correctData_Buinsert_spacesInField_FirstName()[pri:0, instance:Pages.Invoices@76505305] output={null}]]]>
              </value>
            </param>
          </params>
          <reporter-output>
          </reporter-output>
        </test-method> <!-- quit -->
      </class> <!-- Pages.Invoices -->
      <class name="Pages.EditOrder_In_Yashry">
        <test-method is-config="true" signature="open_URL()[pri:0, instance:Pages.EditOrder_In_Yashry@73a1e9a9]" started-at="2022-05-24T13:21:58 EET" name="open_URL" finished-at="2022-05-24T13:22:11 EET" duration-ms="13208" status="PASS">
          <reporter-output>
          </reporter-output>
        </test-method> <!-- open_URL -->
        <test-method signature="CheckThat_someFields_Disabled()[pri:0, instance:Pages.EditOrder_In_Yashry@73a1e9a9]" started-at="2022-05-24T13:22:11 EET" name="CheckThat_someFields_Disabled" finished-at="2022-05-24T13:22:11 EET" duration-ms="141" status="PASS">
          <reporter-output>
          </reporter-output>
        </test-method> <!-- CheckThat_someFields_Disabled -->
        <test-method is-config="true" signature="quit(org.testng.ITestResult)[pri:0, instance:Pages.EditOrder_In_Yashry@73a1e9a9]" started-at="2022-05-24T13:22:11 EET" name="quit" finished-at="2022-05-24T13:22:12 EET" duration-ms="405" status="PASS">
          <params>
            <param index="0">
              <value>
                <![CDATA[[TestResult name=CheckThat_someFields_Disabled status=SUCCESS method=EditOrder_In_Yashry.CheckThat_someFields_Disabled()[pri:0, instance:Pages.EditOrder_In_Yashry@73a1e9a9] output={null}]]]>
              </value>
            </param>
          </params>
          <reporter-output>
          </reporter-output>
        </test-method> <!-- quit -->
        <test-method is-config="true" signature="open_URL()[pri:0, instance:Pages.EditOrder_In_Yashry@73a1e9a9]" started-at="2022-05-24T13:22:12 EET" name="open_URL" finished-at="2022-05-24T13:22:26 EET" duration-ms="13828" status="PASS">
          <reporter-output>
          </reporter-output>
        </test-method> <!-- open_URL -->
        <test-method signature="ValidData_WithInsert_NegativeNumber_In_OrderDiscount()[pri:0, instance:Pages.EditOrder_In_Yashry@73a1e9a9]" started-at="2022-05-24T13:22:26 EET" name="ValidData_WithInsert_NegativeNumber_In_OrderDiscount" finished-at="2022-05-24T13:22:37 EET" duration-ms="10856" status="PASS">
          <reporter-output>
          </reporter-output>
        </test-method> <!-- ValidData_WithInsert_NegativeNumber_In_OrderDiscount -->
        <test-method is-config="true" signature="quit(org.testng.ITestResult)[pri:0, instance:Pages.EditOrder_In_Yashry@73a1e9a9]" started-at="2022-05-24T13:22:37 EET" name="quit" finished-at="2022-05-24T13:22:37 EET" duration-ms="113" status="PASS">
          <params>
            <param index="0">
              <value>
                <![CDATA[[TestResult name=ValidData_WithInsert_NegativeNumber_In_OrderDiscount status=SUCCESS method=EditOrder_In_Yashry.ValidData_WithInsert_NegativeNumber_In_OrderDiscount()[pri:0, instance:Pages.EditOrder_In_Yashry@73a1e9a9] output={null}]]]>
              </value>
            </param>
          </params>
          <reporter-output>
          </reporter-output>
        </test-method> <!-- quit -->
        <test-method is-config="true" signature="open_URL()[pri:0, instance:Pages.EditOrder_In_Yashry@73a1e9a9]" started-at="2022-05-24T13:22:37 EET" name="open_URL" finished-at="2022-05-24T13:22:56 EET" duration-ms="19544" status="PASS">
          <reporter-output>
          </reporter-output>
        </test-method> <!-- open_URL -->
        <test-method signature="ValidData_WithInsert_NegativeNumber_In_OrderShipping()[pri:0, instance:Pages.EditOrder_In_Yashry@73a1e9a9]" started-at="2022-05-24T13:22:56 EET" name="ValidData_WithInsert_NegativeNumber_In_OrderShipping" finished-at="2022-05-24T13:23:07 EET" duration-ms="10998" status="PASS">
          <reporter-output>
          </reporter-output>
        </test-method> <!-- ValidData_WithInsert_NegativeNumber_In_OrderShipping -->
        <test-method is-config="true" signature="quit(org.testng.ITestResult)[pri:0, instance:Pages.EditOrder_In_Yashry@73a1e9a9]" started-at="2022-05-24T13:23:07 EET" name="quit" finished-at="2022-05-24T13:23:07 EET" duration-ms="117" status="PASS">
          <params>
            <param index="0">
              <value>
                <![CDATA[[TestResult name=ValidData_WithInsert_NegativeNumber_In_OrderShipping status=SUCCESS method=EditOrder_In_Yashry.ValidData_WithInsert_NegativeNumber_In_OrderShipping()[pri:0, instance:Pages.EditOrder_In_Yashry@73a1e9a9] output={null}]]]>
              </value>
            </param>
          </params>
          <reporter-output>
          </reporter-output>
        </test-method> <!-- quit -->
        <test-method is-config="true" signature="open_URL()[pri:0, instance:Pages.EditOrder_In_Yashry@73a1e9a9]" started-at="2022-05-24T13:23:07 EET" name="open_URL" finished-at="2022-05-24T13:23:22 EET" duration-ms="14466" status="PASS">
          <reporter-output>
          </reporter-output>
        </test-method> <!-- open_URL -->
        <test-method signature="ValidData_WithInsert_NegativeNumber_In_OrderTotal()[pri:0, instance:Pages.EditOrder_In_Yashry@73a1e9a9]" started-at="2022-05-24T13:23:22 EET" name="ValidData_WithInsert_NegativeNumber_In_OrderTotal" finished-at="2022-05-24T13:23:33 EET" duration-ms="10810" status="PASS">
          <reporter-output>
          </reporter-output>
        </test-method> <!-- ValidData_WithInsert_NegativeNumber_In_OrderTotal -->
        <test-method is-config="true" signature="quit(org.testng.ITestResult)[pri:0, instance:Pages.EditOrder_In_Yashry@73a1e9a9]" started-at="2022-05-24T13:23:33 EET" name="quit" finished-at="2022-05-24T13:23:33 EET" duration-ms="140" status="PASS">
          <params>
            <param index="0">
              <value>
                <![CDATA[[TestResult name=ValidData_WithInsert_NegativeNumber_In_OrderTotal status=SUCCESS method=EditOrder_In_Yashry.ValidData_WithInsert_NegativeNumber_In_OrderTotal()[pri:0, instance:Pages.EditOrder_In_Yashry@73a1e9a9] output={null}]]]>
              </value>
            </param>
          </params>
          <reporter-output>
          </reporter-output>
        </test-method> <!-- quit -->
        <test-method is-config="true" signature="open_URL()[pri:0, instance:Pages.EditOrder_In_Yashry@73a1e9a9]" started-at="2022-05-24T13:23:33 EET" name="open_URL" finished-at="2022-05-24T13:23:46 EET" duration-ms="13784" status="PASS">
          <reporter-output>
          </reporter-output>
        </test-method> <!-- open_URL -->
        <test-method signature="ValidData_WithInsert_OrderDiscount_GreaterThan_OrderTotal()[pri:0, instance:Pages.EditOrder_In_Yashry@73a1e9a9]" started-at="2022-05-24T13:23:46 EET" name="ValidData_WithInsert_OrderDiscount_GreaterThan_OrderTotal" finished-at="2022-05-24T13:23:57 EET" duration-ms="10597" status="PASS">
          <reporter-output>
          </reporter-output>
        </test-method> <!-- ValidData_WithInsert_OrderDiscount_GreaterThan_OrderTotal -->
        <test-method is-config="true" signature="quit(org.testng.ITestResult)[pri:0, instance:Pages.EditOrder_In_Yashry@73a1e9a9]" started-at="2022-05-24T13:23:57 EET" name="quit" finished-at="2022-05-24T13:23:57 EET" duration-ms="126" status="PASS">
          <params>
            <param index="0">
              <value>
                <![CDATA[[TestResult name=ValidData_WithInsert_OrderDiscount_GreaterThan_OrderTotal status=SUCCESS method=EditOrder_In_Yashry.ValidData_WithInsert_OrderDiscount_GreaterThan_OrderTotal()[pri:0, instance:Pages.EditOrder_In_Yashry@73a1e9a9] output={null}]]]>
              </value>
            </param>
          </params>
          <reporter-output>
          </reporter-output>
        </test-method> <!-- quit -->
        <test-method is-config="true" signature="open_URL()[pri:0, instance:Pages.EditOrder_In_Yashry@73a1e9a9]" started-at="2022-05-24T13:23:57 EET" name="open_URL" finished-at="2022-05-24T13:24:10 EET" duration-ms="12615" status="PASS">
          <reporter-output>
          </reporter-output>
        </test-method> <!-- open_URL -->
        <test-method signature="ValidData_WithInsert_OrderShipping_GreaterThan_OrderTotal()[pri:0, instance:Pages.EditOrder_In_Yashry@73a1e9a9]" started-at="2022-05-24T13:24:10 EET" name="ValidData_WithInsert_OrderShipping_GreaterThan_OrderTotal" finished-at="2022-05-24T13:24:21 EET" duration-ms="11036" status="PASS">
          <reporter-output>
          </reporter-output>
        </test-method> <!-- ValidData_WithInsert_OrderShipping_GreaterThan_OrderTotal -->
        <test-method is-config="true" signature="quit(org.testng.ITestResult)[pri:0, instance:Pages.EditOrder_In_Yashry@73a1e9a9]" started-at="2022-05-24T13:24:21 EET" name="quit" finished-at="2022-05-24T13:24:21 EET" duration-ms="106" status="PASS">
          <params>
            <param index="0">
              <value>
                <![CDATA[[TestResult name=ValidData_WithInsert_OrderShipping_GreaterThan_OrderTotal status=SUCCESS method=EditOrder_In_Yashry.ValidData_WithInsert_OrderShipping_GreaterThan_OrderTotal()[pri:0, instance:Pages.EditOrder_In_Yashry@73a1e9a9] output={null}]]]>
              </value>
            </param>
          </params>
          <reporter-output>
          </reporter-output>
        </test-method> <!-- quit -->
        <test-method is-config="true" signature="open_URL()[pri:0, instance:Pages.EditOrder_In_Yashry@73a1e9a9]" started-at="2022-05-24T13:24:21 EET" name="open_URL" finished-at="2022-05-24T13:24:37 EET" duration-ms="15938" status="PASS">
          <reporter-output>
          </reporter-output>
        </test-method> <!-- open_URL -->
        <test-method signature="ValidData_With_Insert_Zero_In_OrderDiscount()[pri:0, instance:Pages.EditOrder_In_Yashry@73a1e9a9]" started-at="2022-05-24T13:24:37 EET" name="ValidData_With_Insert_Zero_In_OrderDiscount" finished-at="2022-05-24T13:24:48 EET" duration-ms="11031" status="PASS">
          <reporter-output>
          </reporter-output>
        </test-method> <!-- ValidData_With_Insert_Zero_In_OrderDiscount -->
        <test-method is-config="true" signature="quit(org.testng.ITestResult)[pri:0, instance:Pages.EditOrder_In_Yashry@73a1e9a9]" started-at="2022-05-24T13:24:48 EET" name="quit" finished-at="2022-05-24T13:24:48 EET" duration-ms="163" status="PASS">
          <params>
            <param index="0">
              <value>
                <![CDATA[[TestResult name=ValidData_With_Insert_Zero_In_OrderDiscount status=SUCCESS method=EditOrder_In_Yashry.ValidData_With_Insert_Zero_In_OrderDiscount()[pri:0, instance:Pages.EditOrder_In_Yashry@73a1e9a9] output={null}]]]>
              </value>
            </param>
          </params>
          <reporter-output>
          </reporter-output>
        </test-method> <!-- quit -->
        <test-method is-config="true" signature="open_URL()[pri:0, instance:Pages.EditOrder_In_Yashry@73a1e9a9]" started-at="2022-05-24T13:24:48 EET" name="open_URL" finished-at="2022-05-24T13:25:07 EET" duration-ms="19099" status="PASS">
          <reporter-output>
          </reporter-output>
        </test-method> <!-- open_URL -->
        <test-method signature="ValidData_With_Insert_Zero_In_OrderShipping()[pri:0, instance:Pages.EditOrder_In_Yashry@73a1e9a9]" started-at="2022-05-24T13:25:07 EET" name="ValidData_With_Insert_Zero_In_OrderShipping" finished-at="2022-05-24T13:25:18 EET" duration-ms="10796" status="PASS">
          <reporter-output>
          </reporter-output>
        </test-method> <!-- ValidData_With_Insert_Zero_In_OrderShipping -->
        <test-method is-config="true" signature="quit(org.testng.ITestResult)[pri:0, instance:Pages.EditOrder_In_Yashry@73a1e9a9]" started-at="2022-05-24T13:25:18 EET" name="quit" finished-at="2022-05-24T13:25:18 EET" duration-ms="108" status="PASS">
          <params>
            <param index="0">
              <value>
                <![CDATA[[TestResult name=ValidData_With_Insert_Zero_In_OrderShipping status=SUCCESS method=EditOrder_In_Yashry.ValidData_With_Insert_Zero_In_OrderShipping()[pri:0, instance:Pages.EditOrder_In_Yashry@73a1e9a9] output={null}]]]>
              </value>
            </param>
          </params>
          <reporter-output>
          </reporter-output>
        </test-method> <!-- quit -->
        <test-method is-config="true" signature="open_URL()[pri:0, instance:Pages.EditOrder_In_Yashry@73a1e9a9]" started-at="2022-05-24T13:25:18 EET" name="open_URL" finished-at="2022-05-24T13:25:35 EET" duration-ms="17337" status="PASS">
          <reporter-output>
          </reporter-output>
        </test-method> <!-- open_URL -->
        <test-method signature="ValidData_With_Insert_Zero_In_OrderTotal()[pri:0, instance:Pages.EditOrder_In_Yashry@73a1e9a9]" started-at="2022-05-24T13:25:35 EET" name="ValidData_With_Insert_Zero_In_OrderTotal" finished-at="2022-05-24T13:25:46 EET" duration-ms="10897" status="PASS">
          <reporter-output>
          </reporter-output>
        </test-method> <!-- ValidData_With_Insert_Zero_In_OrderTotal -->
        <test-method is-config="true" signature="quit(org.testng.ITestResult)[pri:0, instance:Pages.EditOrder_In_Yashry@73a1e9a9]" started-at="2022-05-24T13:25:46 EET" name="quit" finished-at="2022-05-24T13:25:46 EET" duration-ms="115" status="PASS">
          <params>
            <param index="0">
              <value>
                <![CDATA[[TestResult name=ValidData_With_Insert_Zero_In_OrderTotal status=SUCCESS method=EditOrder_In_Yashry.ValidData_With_Insert_Zero_In_OrderTotal()[pri:0, instance:Pages.EditOrder_In_Yashry@73a1e9a9] output={null}]]]>
              </value>
            </param>
          </params>
          <reporter-output>
          </reporter-output>
        </test-method> <!-- quit -->
        <test-method is-config="true" signature="open_URL()[pri:0, instance:Pages.EditOrder_In_Yashry@73a1e9a9]" started-at="2022-05-24T13:25:46 EET" name="open_URL" finished-at="2022-05-24T13:26:02 EET" duration-ms="15077" status="PASS">
          <reporter-output>
          </reporter-output>
        </test-method> <!-- open_URL -->
        <test-method signature="ValidData_Without_InsertData_In_OrderDiscount()[pri:0, instance:Pages.EditOrder_In_Yashry@73a1e9a9]" started-at="2022-05-24T13:26:02 EET" name="ValidData_Without_InsertData_In_OrderDiscount" finished-at="2022-05-24T13:26:12 EET" duration-ms="10618" status="PASS">
          <reporter-output>
          </reporter-output>
        </test-method> <!-- ValidData_Without_InsertData_In_OrderDiscount -->
        <test-method is-config="true" signature="quit(org.testng.ITestResult)[pri:0, instance:Pages.EditOrder_In_Yashry@73a1e9a9]" started-at="2022-05-24T13:26:12 EET" name="quit" finished-at="2022-05-24T13:26:12 EET" duration-ms="117" status="PASS">
          <params>
            <param index="0">
              <value>
                <![CDATA[[TestResult name=ValidData_Without_InsertData_In_OrderDiscount status=SUCCESS method=EditOrder_In_Yashry.ValidData_Without_InsertData_In_OrderDiscount()[pri:0, instance:Pages.EditOrder_In_Yashry@73a1e9a9] output={null}]]]>
              </value>
            </param>
          </params>
          <reporter-output>
          </reporter-output>
        </test-method> <!-- quit -->
        <test-method is-config="true" signature="open_URL()[pri:0, instance:Pages.EditOrder_In_Yashry@73a1e9a9]" started-at="2022-05-24T13:26:12 EET" name="open_URL" finished-at="2022-05-24T13:26:28 EET" duration-ms="16116" status="PASS">
          <reporter-output>
          </reporter-output>
        </test-method> <!-- open_URL -->
        <test-method signature="ValidData_Without_InsertData_In_OrderShipping()[pri:0, instance:Pages.EditOrder_In_Yashry@73a1e9a9]" started-at="2022-05-24T13:26:28 EET" name="ValidData_Without_InsertData_In_OrderShipping" finished-at="2022-05-24T13:26:39 EET" duration-ms="10935" status="PASS">
          <reporter-output>
          </reporter-output>
        </test-method> <!-- ValidData_Without_InsertData_In_OrderShipping -->
        <test-method is-config="true" signature="quit(org.testng.ITestResult)[pri:0, instance:Pages.EditOrder_In_Yashry@73a1e9a9]" started-at="2022-05-24T13:26:39 EET" name="quit" finished-at="2022-05-24T13:26:39 EET" duration-ms="114" status="PASS">
          <params>
            <param index="0">
              <value>
                <![CDATA[[TestResult name=ValidData_Without_InsertData_In_OrderShipping status=SUCCESS method=EditOrder_In_Yashry.ValidData_Without_InsertData_In_OrderShipping()[pri:0, instance:Pages.EditOrder_In_Yashry@73a1e9a9] output={null}]]]>
              </value>
            </param>
          </params>
          <reporter-output>
          </reporter-output>
        </test-method> <!-- quit -->
        <test-method is-config="true" signature="open_URL()[pri:0, instance:Pages.EditOrder_In_Yashry@73a1e9a9]" started-at="2022-05-24T13:26:39 EET" name="open_URL" finished-at="2022-05-24T13:26:55 EET" duration-ms="15788" status="PASS">
          <reporter-output>
          </reporter-output>
        </test-method> <!-- open_URL -->
        <test-method signature="ValidData_Without_InsertData_In_OrderTotal()[pri:0, instance:Pages.EditOrder_In_Yashry@73a1e9a9]" started-at="2022-05-24T13:26:55 EET" name="ValidData_Without_InsertData_In_OrderTotal" finished-at="2022-05-24T13:27:06 EET" duration-ms="10996" status="PASS">
          <reporter-output>
          </reporter-output>
        </test-method> <!-- ValidData_Without_InsertData_In_OrderTotal -->
        <test-method is-config="true" signature="quit(org.testng.ITestResult)[pri:0, instance:Pages.EditOrder_In_Yashry@73a1e9a9]" started-at="2022-05-24T13:27:06 EET" name="quit" finished-at="2022-05-24T13:27:06 EET" duration-ms="208" status="PASS">
          <params>
            <param index="0">
              <value>
                <![CDATA[[TestResult name=ValidData_Without_InsertData_In_OrderTotal status=SUCCESS method=EditOrder_In_Yashry.ValidData_Without_InsertData_In_OrderTotal()[pri:0, instance:Pages.EditOrder_In_Yashry@73a1e9a9] output={null}]]]>
              </value>
            </param>
          </params>
          <reporter-output>
          </reporter-output>
        </test-method> <!-- quit -->
      </class> <!-- Pages.EditOrder_In_Yashry -->
    </test> <!-- Test -->
  </suite> <!-- Suite -->
</testng-results>
